{"C:\\Users\\ab\\Documents\\School\\CS310\\project_team124\\src\\controller\\IInsightFacade.js":{"path":"C:\\Users\\ab\\Documents\\School\\CS310\\project_team124\\src\\controller\\IInsightFacade.js","statementMap":{"0":{"start":{"line":2,"column":0},"end":{"line":2,"column":62}},"1":{"start":{"line":4,"column":0},"end":{"line":7,"column":89}},"2":{"start":{"line":5,"column":4},"end":{"line":5,"column":46}},"3":{"start":{"line":6,"column":4},"end":{"line":6,"column":42}},"4":{"start":{"line":10,"column":8},"end":{"line":10,"column":23}},"5":{"start":{"line":11,"column":8},"end":{"line":11,"column":52}},"6":{"start":{"line":14,"column":0},"end":{"line":14,"column":36}},"7":{"start":{"line":17,"column":8},"end":{"line":17,"column":23}},"8":{"start":{"line":18,"column":8},"end":{"line":18,"column":53}},"9":{"start":{"line":21,"column":0},"end":{"line":21,"column":38}},"10":{"start":{"line":24,"column":8},"end":{"line":24,"column":23}},"11":{"start":{"line":25,"column":8},"end":{"line":25,"column":59}},"12":{"start":{"line":28,"column":0},"end":{"line":28,"column":50}}},"fnMap":{"0":{"name":"(anonymous_0)","decl":{"start":{"line":4,"column":1},"end":{"line":4,"column":2}},"loc":{"start":{"line":4,"column":31},"end":{"line":7,"column":1}},"line":4},"1":{"name":"(anonymous_1)","decl":{"start":{"line":9,"column":4},"end":{"line":9,"column":5}},"loc":{"start":{"line":9,"column":25},"end":{"line":12,"column":5}},"line":9},"2":{"name":"(anonymous_2)","decl":{"start":{"line":16,"column":4},"end":{"line":16,"column":5}},"loc":{"start":{"line":16,"column":25},"end":{"line":19,"column":5}},"line":16},"3":{"name":"(anonymous_3)","decl":{"start":{"line":23,"column":4},"end":{"line":23,"column":5}},"loc":{"start":{"line":23,"column":25},"end":{"line":26,"column":5}},"line":23}},"branchMap":{"0":{"loc":{"start":{"line":7,"column":24},"end":{"line":7,"column":87}},"type":"binary-expr","locations":[{"start":{"line":7,"column":24},"end":{"line":7,"column":50}},{"start":{"line":7,"column":55},"end":{"line":7,"column":86}}],"line":7}},"s":{"0":1,"1":1,"2":1,"3":1,"4":29,"5":29,"6":1,"7":2,"8":2,"9":1,"10":0,"11":0,"12":1},"f":{"0":1,"1":29,"2":2,"3":0},"b":{"0":[1,1]},"_coverageSchema":"332fd63041d2c1bcb487cc26dd0d5f7d97098a6c","hash":"96e929b4c04ee5645a43bdd760fa7e0e0bbd6c57","contentHash":"3c89eccb7f9a10256f59afd051caa00b_11.3.0"},"C:\\Users\\ab\\Documents\\School\\CS310\\project_team124\\src\\controller\\InsightFacade.js":{"path":"C:\\Users\\ab\\Documents\\School\\CS310\\project_team124\\src\\controller\\InsightFacade.js","statementMap":{"0":{"start":{"line":2,"column":0},"end":{"line":2,"column":62}},"1":{"start":{"line":3,"column":15},"end":{"line":3,"column":33}},"2":{"start":{"line":4,"column":25},"end":{"line":4,"column":52}},"3":{"start":{"line":5,"column":20},"end":{"line":5,"column":49}},"4":{"start":{"line":6,"column":23},"end":{"line":6,"column":55}},"5":{"start":{"line":7,"column":23},"end":{"line":7,"column":55}},"6":{"start":{"line":8,"column":25},"end":{"line":8,"column":59}},"7":{"start":{"line":9,"column":24},"end":{"line":9,"column":55}},"8":{"start":{"line":10,"column":22},"end":{"line":10,"column":53}},"9":{"start":{"line":11,"column":24},"end":{"line":11,"column":57}},"10":{"start":{"line":12,"column":27},"end":{"line":12,"column":63}},"11":{"start":{"line":13,"column":22},"end":{"line":13,"column":53}},"12":{"start":{"line":14,"column":20},"end":{"line":14,"column":49}},"13":{"start":{"line":17,"column":8},"end":{"line":17,"column":43}},"14":{"start":{"line":18,"column":8},"end":{"line":18,"column":37}},"15":{"start":{"line":19,"column":8},"end":{"line":19,"column":34}},"16":{"start":{"line":20,"column":8},"end":{"line":20,"column":41}},"17":{"start":{"line":21,"column":8},"end":{"line":21,"column":59}},"18":{"start":{"line":22,"column":8},"end":{"line":22,"column":55}},"19":{"start":{"line":23,"column":8},"end":{"line":23,"column":51}},"20":{"start":{"line":24,"column":8},"end":{"line":24,"column":58}},"21":{"start":{"line":25,"column":30},"end":{"line":25,"column":59}},"22":{"start":{"line":26,"column":24},"end":{"line":26,"column":59}},"23":{"start":{"line":27,"column":8},"end":{"line":29,"column":9}},"24":{"start":{"line":28,"column":12},"end":{"line":28,"column":19}},"25":{"start":{"line":30,"column":8},"end":{"line":34,"column":11}},"26":{"start":{"line":31,"column":12},"end":{"line":31,"column":59}},"27":{"start":{"line":32,"column":26},"end":{"line":32,"column":78}},"28":{"start":{"line":33,"column":12},"end":{"line":33,"column":56}},"29":{"start":{"line":37,"column":8},"end":{"line":39,"column":9}},"30":{"start":{"line":38,"column":12},"end":{"line":38,"column":44}},"31":{"start":{"line":40,"column":21},"end":{"line":40,"column":25}},"32":{"start":{"line":41,"column":8},"end":{"line":48,"column":11}},"33":{"start":{"line":42,"column":30},"end":{"line":42,"column":49}},"34":{"start":{"line":43,"column":12},"end":{"line":43,"column":79}},"35":{"start":{"line":45,"column":12},"end":{"line":45,"column":45}},"36":{"start":{"line":47,"column":12},"end":{"line":47,"column":41}},"37":{"start":{"line":51,"column":8},"end":{"line":51,"column":49}},"38":{"start":{"line":52,"column":8},"end":{"line":54,"column":9}},"39":{"start":{"line":53,"column":12},"end":{"line":53,"column":123}},"40":{"start":{"line":55,"column":8},"end":{"line":55,"column":77}},"41":{"start":{"line":56,"column":8},"end":{"line":58,"column":9}},"42":{"start":{"line":57,"column":12},"end":{"line":57,"column":89}},"43":{"start":{"line":59,"column":8},"end":{"line":59,"column":51}},"44":{"start":{"line":60,"column":8},"end":{"line":60,"column":50}},"45":{"start":{"line":63,"column":8},"end":{"line":68,"column":9}},"46":{"start":{"line":64,"column":12},"end":{"line":64,"column":56}},"47":{"start":{"line":67,"column":12},"end":{"line":67,"column":53}},"48":{"start":{"line":71,"column":28},"end":{"line":71,"column":30}},"49":{"start":{"line":72,"column":24},"end":{"line":72,"column":26}},"50":{"start":{"line":73,"column":8},"end":{"line":88,"column":11}},"51":{"start":{"line":74,"column":12},"end":{"line":74,"column":33}},"52":{"start":{"line":76,"column":12},"end":{"line":85,"column":15}},"53":{"start":{"line":77,"column":16},"end":{"line":77,"column":55}},"54":{"start":{"line":78,"column":16},"end":{"line":80,"column":17}},"55":{"start":{"line":79,"column":20},"end":{"line":79,"column":72}},"56":{"start":{"line":81,"column":16},"end":{"line":81,"column":92}},"57":{"start":{"line":82,"column":16},"end":{"line":84,"column":19}},"58":{"start":{"line":83,"column":20},"end":{"line":83,"column":58}},"59":{"start":{"line":87,"column":12},"end":{"line":87,"column":72}},"60":{"start":{"line":91,"column":30},"end":{"line":91,"column":32}},"61":{"start":{"line":92,"column":26},"end":{"line":92,"column":28}},"62":{"start":{"line":93,"column":8},"end":{"line":108,"column":11}},"63":{"start":{"line":94,"column":12},"end":{"line":94,"column":35}},"64":{"start":{"line":96,"column":12},"end":{"line":105,"column":15}},"65":{"start":{"line":97,"column":16},"end":{"line":97,"column":59}},"66":{"start":{"line":98,"column":16},"end":{"line":100,"column":17}},"67":{"start":{"line":99,"column":20},"end":{"line":99,"column":62}},"68":{"start":{"line":101,"column":16},"end":{"line":101,"column":96}},"69":{"start":{"line":102,"column":16},"end":{"line":104,"column":19}},"70":{"start":{"line":103,"column":20},"end":{"line":103,"column":58}},"71":{"start":{"line":107,"column":12},"end":{"line":107,"column":72}},"72":{"start":{"line":111,"column":8},"end":{"line":116,"column":9}},"73":{"start":{"line":112,"column":12},"end":{"line":112,"column":71}},"74":{"start":{"line":114,"column":13},"end":{"line":116,"column":9}},"75":{"start":{"line":115,"column":12},"end":{"line":115,"column":72}},"76":{"start":{"line":117,"column":8},"end":{"line":122,"column":9}},"77":{"start":{"line":118,"column":12},"end":{"line":118,"column":30}},"78":{"start":{"line":121,"column":12},"end":{"line":121,"column":73}},"79":{"start":{"line":123,"column":8},"end":{"line":123,"column":35}},"80":{"start":{"line":126,"column":21},"end":{"line":126,"column":25}},"81":{"start":{"line":127,"column":8},"end":{"line":135,"column":9}},"82":{"start":{"line":128,"column":12},"end":{"line":128,"column":108}},"83":{"start":{"line":130,"column":13},"end":{"line":135,"column":9}},"84":{"start":{"line":131,"column":12},"end":{"line":131,"column":103}},"85":{"start":{"line":133,"column":13},"end":{"line":135,"column":9}},"86":{"start":{"line":134,"column":12},"end":{"line":134,"column":98}},"87":{"start":{"line":136,"column":27},"end":{"line":136,"column":115}},"88":{"start":{"line":137,"column":8},"end":{"line":142,"column":9}},"89":{"start":{"line":138,"column":12},"end":{"line":138,"column":97}},"90":{"start":{"line":140,"column":13},"end":{"line":142,"column":9}},"91":{"start":{"line":141,"column":12},"end":{"line":141,"column":96}},"92":{"start":{"line":143,"column":25},"end":{"line":143,"column":84}},"93":{"start":{"line":144,"column":22},"end":{"line":144,"column":58}},"94":{"start":{"line":146,"column":21},"end":{"line":146,"column":44}},"95":{"start":{"line":147,"column":31},"end":{"line":147,"column":55}},"96":{"start":{"line":148,"column":8},"end":{"line":159,"column":9}},"97":{"start":{"line":149,"column":12},"end":{"line":151,"column":13}},"98":{"start":{"line":150,"column":16},"end":{"line":150,"column":43}},"99":{"start":{"line":152,"column":35},"end":{"line":153,"column":94}},"100":{"start":{"line":154,"column":34},"end":{"line":154,"column":57}},"101":{"start":{"line":155,"column":12},"end":{"line":155,"column":128}},"102":{"start":{"line":158,"column":12},"end":{"line":158,"column":37}},"103":{"start":{"line":160,"column":28},"end":{"line":160,"column":118}},"104":{"start":{"line":161,"column":8},"end":{"line":161,"column":95}},"105":{"start":{"line":164,"column":8},"end":{"line":164,"column":51}},"106":{"start":{"line":167,"column":19},"end":{"line":167,"column":32}},"107":{"start":{"line":168,"column":23},"end":{"line":168,"column":59}},"108":{"start":{"line":169,"column":16},"end":{"line":169,"column":17}},"109":{"start":{"line":170,"column":8},"end":{"line":172,"column":9}},"110":{"start":{"line":171,"column":12},"end":{"line":171,"column":16}},"111":{"start":{"line":173,"column":8},"end":{"line":173,"column":51}},"112":{"start":{"line":174,"column":22},"end":{"line":174,"column":46}},"113":{"start":{"line":175,"column":19},"end":{"line":175,"column":59}},"114":{"start":{"line":176,"column":8},"end":{"line":176,"column":80}},"115":{"start":{"line":177,"column":8},"end":{"line":181,"column":11}},"116":{"start":{"line":178,"column":12},"end":{"line":178,"column":38}},"117":{"start":{"line":180,"column":12},"end":{"line":180,"column":72}},"118":{"start":{"line":184,"column":19},"end":{"line":184,"column":23}},"119":{"start":{"line":185,"column":23},"end":{"line":186,"column":96}},"120":{"start":{"line":187,"column":8},"end":{"line":189,"column":9}},"121":{"start":{"line":188,"column":12},"end":{"line":188,"column":25}},"122":{"start":{"line":190,"column":22},"end":{"line":190,"column":70}},"123":{"start":{"line":191,"column":8},"end":{"line":193,"column":9}},"124":{"start":{"line":192,"column":12},"end":{"line":192,"column":52}},"125":{"start":{"line":194,"column":8},"end":{"line":199,"column":9}},"126":{"start":{"line":195,"column":12},"end":{"line":195,"column":47}},"127":{"start":{"line":198,"column":12},"end":{"line":198,"column":44}},"128":{"start":{"line":200,"column":8},"end":{"line":200,"column":20}},"129":{"start":{"line":203,"column":19},"end":{"line":203,"column":23}},"130":{"start":{"line":204,"column":8},"end":{"line":206,"column":9}},"131":{"start":{"line":205,"column":12},"end":{"line":205,"column":25}},"132":{"start":{"line":207,"column":8},"end":{"line":211,"column":9}},"133":{"start":{"line":208,"column":12},"end":{"line":208,"column":50}},"134":{"start":{"line":209,"column":12},"end":{"line":209,"column":72}},"135":{"start":{"line":210,"column":12},"end":{"line":210,"column":44}},"136":{"start":{"line":212,"column":8},"end":{"line":214,"column":9}},"137":{"start":{"line":213,"column":12},"end":{"line":213,"column":40}},"138":{"start":{"line":215,"column":8},"end":{"line":217,"column":9}},"139":{"start":{"line":216,"column":12},"end":{"line":216,"column":37}},"140":{"start":{"line":218,"column":8},"end":{"line":218,"column":42}},"141":{"start":{"line":219,"column":8},"end":{"line":219,"column":20}},"142":{"start":{"line":222,"column":8},"end":{"line":222,"column":44}},"143":{"start":{"line":223,"column":8},"end":{"line":226,"column":9}},"144":{"start":{"line":224,"column":12},"end":{"line":224,"column":66}},"145":{"start":{"line":225,"column":12},"end":{"line":225,"column":42}},"146":{"start":{"line":227,"column":8},"end":{"line":227,"column":46}},"147":{"start":{"line":230,"column":8},"end":{"line":230,"column":61}},"148":{"start":{"line":231,"column":22},"end":{"line":231,"column":50}},"149":{"start":{"line":232,"column":8},"end":{"line":232,"column":52}},"150":{"start":{"line":233,"column":24},"end":{"line":233,"column":43}},"151":{"start":{"line":234,"column":8},"end":{"line":237,"column":9}},"152":{"start":{"line":235,"column":12},"end":{"line":235,"column":44}},"153":{"start":{"line":236,"column":12},"end":{"line":236,"column":19}},"154":{"start":{"line":238,"column":8},"end":{"line":238,"column":59}},"155":{"start":{"line":239,"column":8},"end":{"line":246,"column":11}},"156":{"start":{"line":240,"column":12},"end":{"line":240,"column":92}},"157":{"start":{"line":241,"column":12},"end":{"line":245,"column":13}},"158":{"start":{"line":242,"column":16},"end":{"line":242,"column":63}},"159":{"start":{"line":243,"column":30},"end":{"line":243,"column":82}},"160":{"start":{"line":244,"column":16},"end":{"line":244,"column":60}},"161":{"start":{"line":249,"column":8},"end":{"line":249,"column":38}},"162":{"start":{"line":250,"column":8},"end":{"line":250,"column":59}},"163":{"start":{"line":253,"column":8},"end":{"line":253,"column":38}},"164":{"start":{"line":254,"column":8},"end":{"line":254,"column":57}},"165":{"start":{"line":257,"column":8},"end":{"line":259,"column":9}},"166":{"start":{"line":258,"column":12},"end":{"line":258,"column":22}},"167":{"start":{"line":260,"column":19},"end":{"line":260,"column":54}},"168":{"start":{"line":261,"column":25},"end":{"line":261,"column":77}},"169":{"start":{"line":262,"column":19},"end":{"line":262,"column":21}},"170":{"start":{"line":263,"column":8},"end":{"line":272,"column":9}},"171":{"start":{"line":264,"column":12},"end":{"line":268,"column":15}},"172":{"start":{"line":265,"column":16},"end":{"line":265,"column":84}},"173":{"start":{"line":267,"column":16},"end":{"line":267,"column":112}},"174":{"start":{"line":271,"column":12},"end":{"line":271,"column":80}},"175":{"start":{"line":273,"column":8},"end":{"line":273,"column":20}},"176":{"start":{"line":276,"column":0},"end":{"line":276,"column":32}}},"fnMap":{"0":{"name":"(anonymous_0)","decl":{"start":{"line":16,"column":4},"end":{"line":16,"column":5}},"loc":{"start":{"line":16,"column":18},"end":{"line":35,"column":5}},"line":16},"1":{"name":"(anonymous_1)","decl":{"start":{"line":30,"column":24},"end":{"line":30,"column":25}},"loc":{"start":{"line":30,"column":33},"end":{"line":34,"column":9}},"line":30},"2":{"name":"(anonymous_2)","decl":{"start":{"line":36,"column":4},"end":{"line":36,"column":5}},"loc":{"start":{"line":36,"column":32},"end":{"line":49,"column":5}},"line":36},"3":{"name":"(anonymous_3)","decl":{"start":{"line":41,"column":58},"end":{"line":41,"column":59}},"loc":{"start":{"line":41,"column":71},"end":{"line":44,"column":9}},"line":41},"4":{"name":"(anonymous_4)","decl":{"start":{"line":44,"column":16},"end":{"line":44,"column":17}},"loc":{"start":{"line":44,"column":22},"end":{"line":46,"column":9}},"line":44},"5":{"name":"(anonymous_5)","decl":{"start":{"line":46,"column":17},"end":{"line":46,"column":18}},"loc":{"start":{"line":46,"column":28},"end":{"line":48,"column":9}},"line":46},"6":{"name":"(anonymous_6)","decl":{"start":{"line":50,"column":4},"end":{"line":50,"column":5}},"loc":{"start":{"line":50,"column":34},"end":{"line":61,"column":5}},"line":50},"7":{"name":"(anonymous_7)","decl":{"start":{"line":62,"column":4},"end":{"line":62,"column":5}},"loc":{"start":{"line":62,"column":34},"end":{"line":69,"column":5}},"line":62},"8":{"name":"(anonymous_8)","decl":{"start":{"line":70,"column":4},"end":{"line":70,"column":5}},"loc":{"start":{"line":70,"column":33},"end":{"line":89,"column":5}},"line":70},"9":{"name":"(anonymous_9)","decl":{"start":{"line":73,"column":67},"end":{"line":73,"column":68}},"loc":{"start":{"line":73,"column":83},"end":{"line":75,"column":9}},"line":73},"10":{"name":"(anonymous_10)","decl":{"start":{"line":75,"column":16},"end":{"line":75,"column":17}},"loc":{"start":{"line":75,"column":22},"end":{"line":86,"column":9}},"line":75},"11":{"name":"(anonymous_11)","decl":{"start":{"line":76,"column":51},"end":{"line":76,"column":52}},"loc":{"start":{"line":76,"column":62},"end":{"line":85,"column":13}},"line":76},"12":{"name":"(anonymous_12)","decl":{"start":{"line":82,"column":105},"end":{"line":82,"column":106}},"loc":{"start":{"line":82,"column":111},"end":{"line":84,"column":17}},"line":82},"13":{"name":"(anonymous_13)","decl":{"start":{"line":86,"column":17},"end":{"line":86,"column":18}},"loc":{"start":{"line":86,"column":24},"end":{"line":88,"column":9}},"line":86},"14":{"name":"(anonymous_14)","decl":{"start":{"line":90,"column":4},"end":{"line":90,"column":5}},"loc":{"start":{"line":90,"column":36},"end":{"line":109,"column":5}},"line":90},"15":{"name":"(anonymous_15)","decl":{"start":{"line":93,"column":69},"end":{"line":93,"column":70}},"loc":{"start":{"line":93,"column":85},"end":{"line":95,"column":9}},"line":93},"16":{"name":"(anonymous_16)","decl":{"start":{"line":95,"column":16},"end":{"line":95,"column":17}},"loc":{"start":{"line":95,"column":22},"end":{"line":106,"column":9}},"line":95},"17":{"name":"(anonymous_17)","decl":{"start":{"line":96,"column":53},"end":{"line":96,"column":54}},"loc":{"start":{"line":96,"column":66},"end":{"line":105,"column":13}},"line":96},"18":{"name":"(anonymous_18)","decl":{"start":{"line":102,"column":109},"end":{"line":102,"column":110}},"loc":{"start":{"line":102,"column":115},"end":{"line":104,"column":17}},"line":102},"19":{"name":"(anonymous_19)","decl":{"start":{"line":106,"column":17},"end":{"line":106,"column":18}},"loc":{"start":{"line":106,"column":24},"end":{"line":108,"column":9}},"line":106},"20":{"name":"(anonymous_20)","decl":{"start":{"line":110,"column":4},"end":{"line":110,"column":5}},"loc":{"start":{"line":110,"column":22},"end":{"line":124,"column":5}},"line":110},"21":{"name":"(anonymous_21)","decl":{"start":{"line":125,"column":4},"end":{"line":125,"column":5}},"loc":{"start":{"line":125,"column":24},"end":{"line":162,"column":5}},"line":125},"22":{"name":"(anonymous_22)","decl":{"start":{"line":163,"column":4},"end":{"line":163,"column":5}},"loc":{"start":{"line":163,"column":19},"end":{"line":165,"column":5}},"line":163},"23":{"name":"(anonymous_23)","decl":{"start":{"line":166,"column":4},"end":{"line":166,"column":5}},"loc":{"start":{"line":166,"column":38},"end":{"line":182,"column":5}},"line":166},"24":{"name":"(anonymous_24)","decl":{"start":{"line":177,"column":87},"end":{"line":177,"column":88}},"loc":{"start":{"line":177,"column":94},"end":{"line":179,"column":9}},"line":177},"25":{"name":"(anonymous_25)","decl":{"start":{"line":179,"column":17},"end":{"line":179,"column":18}},"loc":{"start":{"line":179,"column":24},"end":{"line":181,"column":9}},"line":179},"26":{"name":"(anonymous_26)","decl":{"start":{"line":183,"column":4},"end":{"line":183,"column":5}},"loc":{"start":{"line":183,"column":37},"end":{"line":201,"column":5}},"line":183},"27":{"name":"(anonymous_27)","decl":{"start":{"line":202,"column":4},"end":{"line":202,"column":5}},"loc":{"start":{"line":202,"column":17},"end":{"line":220,"column":5}},"line":202},"28":{"name":"(anonymous_28)","decl":{"start":{"line":221,"column":4},"end":{"line":221,"column":5}},"loc":{"start":{"line":221,"column":14},"end":{"line":228,"column":5}},"line":221},"29":{"name":"(anonymous_29)","decl":{"start":{"line":229,"column":4},"end":{"line":229,"column":5}},"loc":{"start":{"line":229,"column":29},"end":{"line":247,"column":5}},"line":229},"30":{"name":"(anonymous_30)","decl":{"start":{"line":239,"column":24},"end":{"line":239,"column":25}},"loc":{"start":{"line":239,"column":33},"end":{"line":246,"column":9}},"line":239},"31":{"name":"(anonymous_31)","decl":{"start":{"line":248,"column":4},"end":{"line":248,"column":5}},"loc":{"start":{"line":248,"column":18},"end":{"line":251,"column":5}},"line":248},"32":{"name":"(anonymous_32)","decl":{"start":{"line":252,"column":4},"end":{"line":252,"column":5}},"loc":{"start":{"line":252,"column":13},"end":{"line":255,"column":5}},"line":252},"33":{"name":"(anonymous_33)","decl":{"start":{"line":256,"column":4},"end":{"line":256,"column":5}},"loc":{"start":{"line":256,"column":20},"end":{"line":274,"column":5}},"line":256},"34":{"name":"(anonymous_34)","decl":{"start":{"line":264,"column":70},"end":{"line":264,"column":71}},"loc":{"start":{"line":264,"column":76},"end":{"line":266,"column":13}},"line":264},"35":{"name":"(anonymous_35)","decl":{"start":{"line":266,"column":21},"end":{"line":266,"column":22}},"loc":{"start":{"line":266,"column":28},"end":{"line":268,"column":13}},"line":266}},"branchMap":{"0":{"loc":{"start":{"line":27,"column":8},"end":{"line":29,"column":9}},"type":"if","locations":[{"start":{"line":27,"column":8},"end":{"line":29,"column":9}},{"start":{"line":27,"column":8},"end":{"line":29,"column":9}}],"line":27},"1":{"loc":{"start":{"line":37,"column":8},"end":{"line":39,"column":9}},"type":"if","locations":[{"start":{"line":37,"column":8},"end":{"line":39,"column":9}},{"start":{"line":37,"column":8},"end":{"line":39,"column":9}}],"line":37},"2":{"loc":{"start":{"line":52,"column":8},"end":{"line":54,"column":9}},"type":"if","locations":[{"start":{"line":52,"column":8},"end":{"line":54,"column":9}},{"start":{"line":52,"column":8},"end":{"line":54,"column":9}}],"line":52},"3":{"loc":{"start":{"line":56,"column":8},"end":{"line":58,"column":9}},"type":"if","locations":[{"start":{"line":56,"column":8},"end":{"line":58,"column":9}},{"start":{"line":56,"column":8},"end":{"line":58,"column":9}}],"line":56},"4":{"loc":{"start":{"line":63,"column":8},"end":{"line":68,"column":9}},"type":"if","locations":[{"start":{"line":63,"column":8},"end":{"line":68,"column":9}},{"start":{"line":63,"column":8},"end":{"line":68,"column":9}}],"line":63},"5":{"loc":{"start":{"line":78,"column":16},"end":{"line":80,"column":17}},"type":"if","locations":[{"start":{"line":78,"column":16},"end":{"line":80,"column":17}},{"start":{"line":78,"column":16},"end":{"line":80,"column":17}}],"line":78},"6":{"loc":{"start":{"line":98,"column":16},"end":{"line":100,"column":17}},"type":"if","locations":[{"start":{"line":98,"column":16},"end":{"line":100,"column":17}},{"start":{"line":98,"column":16},"end":{"line":100,"column":17}}],"line":98},"7":{"loc":{"start":{"line":111,"column":8},"end":{"line":116,"column":9}},"type":"if","locations":[{"start":{"line":111,"column":8},"end":{"line":116,"column":9}},{"start":{"line":111,"column":8},"end":{"line":116,"column":9}}],"line":111},"8":{"loc":{"start":{"line":114,"column":13},"end":{"line":116,"column":9}},"type":"if","locations":[{"start":{"line":114,"column":13},"end":{"line":116,"column":9}},{"start":{"line":114,"column":13},"end":{"line":116,"column":9}}],"line":114},"9":{"loc":{"start":{"line":127,"column":8},"end":{"line":135,"column":9}},"type":"if","locations":[{"start":{"line":127,"column":8},"end":{"line":135,"column":9}},{"start":{"line":127,"column":8},"end":{"line":135,"column":9}}],"line":127},"10":{"loc":{"start":{"line":130,"column":13},"end":{"line":135,"column":9}},"type":"if","locations":[{"start":{"line":130,"column":13},"end":{"line":135,"column":9}},{"start":{"line":130,"column":13},"end":{"line":135,"column":9}}],"line":130},"11":{"loc":{"start":{"line":133,"column":13},"end":{"line":135,"column":9}},"type":"if","locations":[{"start":{"line":133,"column":13},"end":{"line":135,"column":9}},{"start":{"line":133,"column":13},"end":{"line":135,"column":9}}],"line":133},"12":{"loc":{"start":{"line":137,"column":8},"end":{"line":142,"column":9}},"type":"if","locations":[{"start":{"line":137,"column":8},"end":{"line":142,"column":9}},{"start":{"line":137,"column":8},"end":{"line":142,"column":9}}],"line":137},"13":{"loc":{"start":{"line":140,"column":13},"end":{"line":142,"column":9}},"type":"if","locations":[{"start":{"line":140,"column":13},"end":{"line":142,"column":9}},{"start":{"line":140,"column":13},"end":{"line":142,"column":9}}],"line":140},"14":{"loc":{"start":{"line":149,"column":12},"end":{"line":151,"column":13}},"type":"if","locations":[{"start":{"line":149,"column":12},"end":{"line":151,"column":13}},{"start":{"line":149,"column":12},"end":{"line":151,"column":13}}],"line":149},"15":{"loc":{"start":{"line":152,"column":35},"end":{"line":153,"column":94}},"type":"cond-expr","locations":[{"start":{"line":152,"column":48},"end":{"line":152,"column":97}},{"start":{"line":153,"column":16},"end":{"line":153,"column":94}}],"line":152},"16":{"loc":{"start":{"line":185,"column":23},"end":{"line":186,"column":96}},"type":"binary-expr","locations":[{"start":{"line":185,"column":24},"end":{"line":185,"column":29}},{"start":{"line":185,"column":36},"end":{"line":185,"column":86}},{"start":{"line":185,"column":92},"end":{"line":185,"column":113}},{"start":{"line":186,"column":14},"end":{"line":186,"column":66}},{"start":{"line":186,"column":71},"end":{"line":186,"column":95}}],"line":185},"17":{"loc":{"start":{"line":187,"column":8},"end":{"line":189,"column":9}},"type":"if","locations":[{"start":{"line":187,"column":8},"end":{"line":189,"column":9}},{"start":{"line":187,"column":8},"end":{"line":189,"column":9}}],"line":187},"18":{"loc":{"start":{"line":191,"column":8},"end":{"line":193,"column":9}},"type":"if","locations":[{"start":{"line":191,"column":8},"end":{"line":193,"column":9}},{"start":{"line":191,"column":8},"end":{"line":193,"column":9}}],"line":191},"19":{"loc":{"start":{"line":194,"column":8},"end":{"line":199,"column":9}},"type":"if","locations":[{"start":{"line":194,"column":8},"end":{"line":199,"column":9}},{"start":{"line":194,"column":8},"end":{"line":199,"column":9}}],"line":194},"20":{"loc":{"start":{"line":204,"column":8},"end":{"line":206,"column":9}},"type":"if","locations":[{"start":{"line":204,"column":8},"end":{"line":206,"column":9}},{"start":{"line":204,"column":8},"end":{"line":206,"column":9}}],"line":204},"21":{"loc":{"start":{"line":207,"column":8},"end":{"line":211,"column":9}},"type":"if","locations":[{"start":{"line":207,"column":8},"end":{"line":211,"column":9}},{"start":{"line":207,"column":8},"end":{"line":211,"column":9}}],"line":207},"22":{"loc":{"start":{"line":212,"column":8},"end":{"line":214,"column":9}},"type":"if","locations":[{"start":{"line":212,"column":8},"end":{"line":214,"column":9}},{"start":{"line":212,"column":8},"end":{"line":214,"column":9}}],"line":212},"23":{"loc":{"start":{"line":215,"column":8},"end":{"line":217,"column":9}},"type":"if","locations":[{"start":{"line":215,"column":8},"end":{"line":217,"column":9}},{"start":{"line":215,"column":8},"end":{"line":217,"column":9}}],"line":215},"24":{"loc":{"start":{"line":223,"column":8},"end":{"line":226,"column":9}},"type":"if","locations":[{"start":{"line":223,"column":8},"end":{"line":226,"column":9}},{"start":{"line":223,"column":8},"end":{"line":226,"column":9}}],"line":223},"25":{"loc":{"start":{"line":234,"column":8},"end":{"line":237,"column":9}},"type":"if","locations":[{"start":{"line":234,"column":8},"end":{"line":237,"column":9}},{"start":{"line":234,"column":8},"end":{"line":237,"column":9}}],"line":234},"26":{"loc":{"start":{"line":241,"column":12},"end":{"line":245,"column":13}},"type":"if","locations":[{"start":{"line":241,"column":12},"end":{"line":245,"column":13}},{"start":{"line":241,"column":12},"end":{"line":245,"column":13}}],"line":241},"27":{"loc":{"start":{"line":257,"column":8},"end":{"line":259,"column":9}},"type":"if","locations":[{"start":{"line":257,"column":8},"end":{"line":259,"column":9}},{"start":{"line":257,"column":8},"end":{"line":259,"column":9}}],"line":257},"28":{"loc":{"start":{"line":263,"column":8},"end":{"line":272,"column":9}},"type":"if","locations":[{"start":{"line":263,"column":8},"end":{"line":272,"column":9}},{"start":{"line":263,"column":8},"end":{"line":272,"column":9}}],"line":263},"29":{"loc":{"start":{"line":263,"column":12},"end":{"line":263,"column":74}},"type":"cond-expr","locations":[{"start":{"line":263,"column":24},"end":{"line":263,"column":49}},{"start":{"line":263,"column":52},"end":{"line":263,"column":74}}],"line":263},"30":{"loc":{"start":{"line":265,"column":23},"end":{"line":265,"column":83}},"type":"cond-expr","locations":[{"start":{"line":265,"column":35},"end":{"line":265,"column":59}},{"start":{"line":265,"column":62},"end":{"line":265,"column":83}}],"line":265},"31":{"loc":{"start":{"line":271,"column":19},"end":{"line":271,"column":79}},"type":"cond-expr","locations":[{"start":{"line":271,"column":31},"end":{"line":271,"column":55}},{"start":{"line":271,"column":58},"end":{"line":271,"column":79}}],"line":271}},"s":{"0":1,"1":1,"2":1,"3":1,"4":1,"5":1,"6":1,"7":1,"8":1,"9":1,"10":1,"11":1,"12":1,"13":34,"14":34,"15":34,"16":34,"17":34,"18":34,"19":34,"20":34,"21":34,"22":34,"23":34,"24":33,"25":1,"26":2,"27":2,"28":2,"29":0,"30":0,"31":0,"32":0,"33":0,"34":0,"35":0,"36":0,"37":38,"38":38,"39":7,"40":31,"41":31,"42":3,"43":28,"44":28,"45":28,"46":28,"47":0,"48":0,"49":0,"50":0,"51":0,"52":0,"53":0,"54":0,"55":0,"56":0,"57":0,"58":0,"59":0,"60":28,"61":28,"62":28,"63":27,"64":27,"65":26,"66":26,"67":5,"68":21,"69":21,"70":21,"71":7,"72":9,"73":5,"74":4,"75":2,"76":2,"77":2,"78":0,"79":2,"80":0,"81":0,"82":0,"83":0,"84":0,"85":0,"86":0,"87":0,"88":0,"89":0,"90":0,"91":0,"92":0,"93":0,"94":0,"95":0,"96":0,"97":0,"98":0,"99":0,"100":0,"101":0,"102":0,"103":0,"104":0,"105":4,"106":21,"107":21,"108":21,"109":21,"110":1,"111":21,"112":21,"113":21,"114":21,"115":21,"116":21,"117":0,"118":21,"119":21,"120":21,"121":0,"122":21,"123":21,"124":21,"125":21,"126":21,"127":0,"128":21,"129":2,"130":2,"131":0,"132":2,"133":2,"134":2,"135":2,"136":2,"137":2,"138":2,"139":0,"140":2,"141":2,"142":35,"143":35,"144":30,"145":30,"146":35,"147":55,"148":55,"149":55,"150":55,"151":55,"152":25,"153":25,"154":30,"155":30,"156":50,"157":50,"158":0,"159":0,"160":0,"161":4,"162":4,"163":21,"164":21,"165":0,"166":0,"167":0,"168":0,"169":0,"170":0,"171":0,"172":0,"173":0,"174":0,"175":0,"176":1},"f":{"0":34,"1":2,"2":0,"3":0,"4":0,"5":0,"6":38,"7":28,"8":0,"9":0,"10":0,"11":0,"12":0,"13":0,"14":28,"15":27,"16":27,"17":26,"18":21,"19":7,"20":9,"21":0,"22":4,"23":21,"24":21,"25":0,"26":21,"27":2,"28":35,"29":55,"30":50,"31":4,"32":21,"33":0,"34":0,"35":0},"b":{"0":[33,1],"1":[0,0],"2":[7,31],"3":[3,28],"4":[28,0],"5":[0,0],"6":[5,21],"7":[5,4],"8":[2,2],"9":[0,0],"10":[0,0],"11":[0,0],"12":[0,0],"13":[0,0],"14":[0,0],"15":[0,0],"16":[21,21,0,21,21],"17":[0,21],"18":[21,0],"19":[21,0],"20":[0,2],"21":[2,0],"22":[2,0],"23":[0,2],"24":[30,5],"25":[25,30],"26":[0,50],"27":[0,0],"28":[0,0],"29":[0,0],"30":[0,0],"31":[0,0]},"_coverageSchema":"332fd63041d2c1bcb487cc26dd0d5f7d97098a6c","hash":"3b6ccb44bcb03b75502d9ded71fe063e901547a9","contentHash":"245b634456a3f83da0f852482685219e_11.3.0"},"C:\\Users\\ab\\Documents\\School\\CS310\\project_team124\\src\\Util.js":{"path":"C:\\Users\\ab\\Documents\\School\\CS310\\project_team124\\src\\Util.js","statementMap":{"0":{"start":{"line":2,"column":0},"end":{"line":2,"column":62}},"1":{"start":{"line":5,"column":8},"end":{"line":5,"column":67}},"2":{"start":{"line":8,"column":8},"end":{"line":8,"column":68}},"3":{"start":{"line":11,"column":8},"end":{"line":11,"column":68}},"4":{"start":{"line":14,"column":8},"end":{"line":14,"column":69}},"5":{"start":{"line":17,"column":8},"end":{"line":17,"column":67}},"6":{"start":{"line":20,"column":0},"end":{"line":20,"column":22}}},"fnMap":{"0":{"name":"(anonymous_0)","decl":{"start":{"line":4,"column":4},"end":{"line":4,"column":5}},"loc":{"start":{"line":4,"column":25},"end":{"line":6,"column":5}},"line":4},"1":{"name":"(anonymous_1)","decl":{"start":{"line":7,"column":4},"end":{"line":7,"column":5}},"loc":{"start":{"line":7,"column":24},"end":{"line":9,"column":5}},"line":7},"2":{"name":"(anonymous_2)","decl":{"start":{"line":10,"column":4},"end":{"line":10,"column":5}},"loc":{"start":{"line":10,"column":24},"end":{"line":12,"column":5}},"line":10},"3":{"name":"(anonymous_3)","decl":{"start":{"line":13,"column":4},"end":{"line":13,"column":5}},"loc":{"start":{"line":13,"column":25},"end":{"line":15,"column":5}},"line":13},"4":{"name":"(anonymous_4)","decl":{"start":{"line":16,"column":4},"end":{"line":16,"column":5}},"loc":{"start":{"line":16,"column":24},"end":{"line":18,"column":5}},"line":16}},"branchMap":{},"s":{"0":1,"1":34,"2":377,"3":0,"4":0,"5":70,"6":1},"f":{"0":34,"1":377,"2":0,"3":0,"4":70},"b":{},"_coverageSchema":"332fd63041d2c1bcb487cc26dd0d5f7d97098a6c","hash":"21418bfaf53b2b2c17b43380692a9b59cefc416b","contentHash":"f654ba117456a47ecad3cfaee8187760_11.3.0"},"C:\\Users\\ab\\Documents\\School\\CS310\\project_team124\\src\\model\\Validator.js":{"path":"C:\\Users\\ab\\Documents\\School\\CS310\\project_team124\\src\\model\\Validator.js","statementMap":{"0":{"start":{"line":2,"column":0},"end":{"line":2,"column":62}},"1":{"start":{"line":5,"column":29},"end":{"line":5,"column":34}},"2":{"start":{"line":6,"column":29},"end":{"line":6,"column":33}},"3":{"start":{"line":7,"column":8},"end":{"line":24,"column":9}},"4":{"start":{"line":8,"column":12},"end":{"line":8,"column":32}},"5":{"start":{"line":10,"column":13},"end":{"line":24,"column":9}},"6":{"start":{"line":11,"column":12},"end":{"line":11,"column":32}},"7":{"start":{"line":13,"column":13},"end":{"line":24,"column":9}},"8":{"start":{"line":14,"column":12},"end":{"line":14,"column":32}},"9":{"start":{"line":16,"column":13},"end":{"line":24,"column":9}},"10":{"start":{"line":17,"column":12},"end":{"line":17,"column":32}},"11":{"start":{"line":19,"column":13},"end":{"line":24,"column":9}},"12":{"start":{"line":20,"column":12},"end":{"line":20,"column":32}},"13":{"start":{"line":22,"column":13},"end":{"line":24,"column":9}},"14":{"start":{"line":23,"column":12},"end":{"line":23,"column":32}},"15":{"start":{"line":25,"column":8},"end":{"line":25,"column":28}},"16":{"start":{"line":28,"column":29},"end":{"line":28,"column":34}},"17":{"start":{"line":29,"column":29},"end":{"line":29,"column":33}},"18":{"start":{"line":30,"column":19},"end":{"line":30,"column":23}},"19":{"start":{"line":31,"column":8},"end":{"line":39,"column":9}},"20":{"start":{"line":32,"column":12},"end":{"line":32,"column":32}},"21":{"start":{"line":34,"column":13},"end":{"line":39,"column":9}},"22":{"start":{"line":35,"column":12},"end":{"line":35,"column":32}},"23":{"start":{"line":37,"column":13},"end":{"line":39,"column":9}},"24":{"start":{"line":38,"column":12},"end":{"line":38,"column":32}},"25":{"start":{"line":40,"column":8},"end":{"line":40,"column":28}},"26":{"start":{"line":43,"column":8},"end":{"line":45,"column":9}},"27":{"start":{"line":44,"column":12},"end":{"line":44,"column":42}},"28":{"start":{"line":46,"column":8},"end":{"line":49,"column":9}},"29":{"start":{"line":48,"column":12},"end":{"line":48,"column":42}},"30":{"start":{"line":50,"column":27},"end":{"line":50,"column":59}},"31":{"start":{"line":51,"column":27},"end":{"line":51,"column":76}},"32":{"start":{"line":52,"column":29},"end":{"line":54,"column":10}},"33":{"start":{"line":53,"column":12},"end":{"line":53,"column":48}},"34":{"start":{"line":55,"column":29},"end":{"line":57,"column":10}},"35":{"start":{"line":56,"column":12},"end":{"line":56,"column":48}},"36":{"start":{"line":58,"column":8},"end":{"line":60,"column":9}},"37":{"start":{"line":59,"column":12},"end":{"line":59,"column":42}},"38":{"start":{"line":61,"column":19},"end":{"line":61,"column":23}},"39":{"start":{"line":62,"column":31},"end":{"line":64,"column":10}},"40":{"start":{"line":63,"column":12},"end":{"line":63,"column":51}},"41":{"start":{"line":65,"column":31},"end":{"line":67,"column":10}},"42":{"start":{"line":66,"column":12},"end":{"line":66,"column":74}},"43":{"start":{"line":68,"column":8},"end":{"line":70,"column":9}},"44":{"start":{"line":69,"column":12},"end":{"line":69,"column":42}},"45":{"start":{"line":71,"column":8},"end":{"line":71,"column":37}},"46":{"start":{"line":74,"column":8},"end":{"line":76,"column":9}},"47":{"start":{"line":75,"column":12},"end":{"line":75,"column":25}},"48":{"start":{"line":77,"column":8},"end":{"line":77,"column":29}},"49":{"start":{"line":80,"column":19},"end":{"line":80,"column":23}},"50":{"start":{"line":81,"column":8},"end":{"line":81,"column":34}},"51":{"start":{"line":84,"column":0},"end":{"line":84,"column":28}}},"fnMap":{"0":{"name":"(anonymous_0)","decl":{"start":{"line":4,"column":4},"end":{"line":4,"column":5}},"loc":{"start":{"line":4,"column":18},"end":{"line":26,"column":5}},"line":4},"1":{"name":"(anonymous_1)","decl":{"start":{"line":27,"column":4},"end":{"line":27,"column":5}},"loc":{"start":{"line":27,"column":39},"end":{"line":41,"column":5}},"line":27},"2":{"name":"(anonymous_2)","decl":{"start":{"line":42,"column":4},"end":{"line":42,"column":5}},"loc":{"start":{"line":42,"column":30},"end":{"line":72,"column":5}},"line":42},"3":{"name":"(anonymous_3)","decl":{"start":{"line":52,"column":46},"end":{"line":52,"column":47}},"loc":{"start":{"line":52,"column":62},"end":{"line":54,"column":9}},"line":52},"4":{"name":"(anonymous_4)","decl":{"start":{"line":55,"column":46},"end":{"line":55,"column":47}},"loc":{"start":{"line":55,"column":62},"end":{"line":57,"column":9}},"line":55},"5":{"name":"(anonymous_5)","decl":{"start":{"line":62,"column":48},"end":{"line":62,"column":49}},"loc":{"start":{"line":62,"column":64},"end":{"line":64,"column":9}},"line":62},"6":{"name":"(anonymous_6)","decl":{"start":{"line":65,"column":48},"end":{"line":65,"column":49}},"loc":{"start":{"line":65,"column":64},"end":{"line":67,"column":9}},"line":65},"7":{"name":"(anonymous_7)","decl":{"start":{"line":73,"column":4},"end":{"line":73,"column":5}},"loc":{"start":{"line":73,"column":23},"end":{"line":78,"column":5}},"line":73},"8":{"name":"(anonymous_8)","decl":{"start":{"line":79,"column":4},"end":{"line":79,"column":5}},"loc":{"start":{"line":79,"column":30},"end":{"line":82,"column":5}},"line":79}},"branchMap":{"0":{"loc":{"start":{"line":7,"column":8},"end":{"line":24,"column":9}},"type":"if","locations":[{"start":{"line":7,"column":8},"end":{"line":24,"column":9}},{"start":{"line":7,"column":8},"end":{"line":24,"column":9}}],"line":7},"1":{"loc":{"start":{"line":10,"column":13},"end":{"line":24,"column":9}},"type":"if","locations":[{"start":{"line":10,"column":13},"end":{"line":24,"column":9}},{"start":{"line":10,"column":13},"end":{"line":24,"column":9}}],"line":10},"2":{"loc":{"start":{"line":13,"column":13},"end":{"line":24,"column":9}},"type":"if","locations":[{"start":{"line":13,"column":13},"end":{"line":24,"column":9}},{"start":{"line":13,"column":13},"end":{"line":24,"column":9}}],"line":13},"3":{"loc":{"start":{"line":16,"column":13},"end":{"line":24,"column":9}},"type":"if","locations":[{"start":{"line":16,"column":13},"end":{"line":24,"column":9}},{"start":{"line":16,"column":13},"end":{"line":24,"column":9}}],"line":16},"4":{"loc":{"start":{"line":19,"column":13},"end":{"line":24,"column":9}},"type":"if","locations":[{"start":{"line":19,"column":13},"end":{"line":24,"column":9}},{"start":{"line":19,"column":13},"end":{"line":24,"column":9}}],"line":19},"5":{"loc":{"start":{"line":22,"column":13},"end":{"line":24,"column":9}},"type":"if","locations":[{"start":{"line":22,"column":13},"end":{"line":24,"column":9}},{"start":{"line":22,"column":13},"end":{"line":24,"column":9}}],"line":22},"6":{"loc":{"start":{"line":31,"column":8},"end":{"line":39,"column":9}},"type":"if","locations":[{"start":{"line":31,"column":8},"end":{"line":39,"column":9}},{"start":{"line":31,"column":8},"end":{"line":39,"column":9}}],"line":31},"7":{"loc":{"start":{"line":34,"column":13},"end":{"line":39,"column":9}},"type":"if","locations":[{"start":{"line":34,"column":13},"end":{"line":39,"column":9}},{"start":{"line":34,"column":13},"end":{"line":39,"column":9}}],"line":34},"8":{"loc":{"start":{"line":34,"column":17},"end":{"line":34,"column":45}},"type":"binary-expr","locations":[{"start":{"line":34,"column":17},"end":{"line":34,"column":25}},{"start":{"line":34,"column":30},"end":{"line":34,"column":44}}],"line":34},"9":{"loc":{"start":{"line":37,"column":13},"end":{"line":39,"column":9}},"type":"if","locations":[{"start":{"line":37,"column":13},"end":{"line":39,"column":9}},{"start":{"line":37,"column":13},"end":{"line":39,"column":9}}],"line":37},"10":{"loc":{"start":{"line":43,"column":8},"end":{"line":45,"column":9}},"type":"if","locations":[{"start":{"line":43,"column":8},"end":{"line":45,"column":9}},{"start":{"line":43,"column":8},"end":{"line":45,"column":9}}],"line":43},"11":{"loc":{"start":{"line":46,"column":8},"end":{"line":49,"column":9}},"type":"if","locations":[{"start":{"line":46,"column":8},"end":{"line":49,"column":9}},{"start":{"line":46,"column":8},"end":{"line":49,"column":9}}],"line":46},"12":{"loc":{"start":{"line":46,"column":12},"end":{"line":47,"column":80}},"type":"binary-expr","locations":[{"start":{"line":46,"column":13},"end":{"line":46,"column":47}},{"start":{"line":46,"column":51},"end":{"line":46,"column":80}},{"start":{"line":47,"column":13},"end":{"line":47,"column":44}},{"start":{"line":47,"column":48},"end":{"line":47,"column":79}}],"line":46},"13":{"loc":{"start":{"line":58,"column":8},"end":{"line":60,"column":9}},"type":"if","locations":[{"start":{"line":58,"column":8},"end":{"line":60,"column":9}},{"start":{"line":58,"column":8},"end":{"line":60,"column":9}}],"line":58},"14":{"loc":{"start":{"line":58,"column":14},"end":{"line":58,"column":46}},"type":"binary-expr","locations":[{"start":{"line":58,"column":14},"end":{"line":58,"column":28}},{"start":{"line":58,"column":32},"end":{"line":58,"column":46}}],"line":58},"15":{"loc":{"start":{"line":66,"column":20},"end":{"line":66,"column":72}},"type":"binary-expr","locations":[{"start":{"line":66,"column":20},"end":{"line":66,"column":41}},{"start":{"line":66,"column":45},"end":{"line":66,"column":72}}],"line":66},"16":{"loc":{"start":{"line":68,"column":8},"end":{"line":70,"column":9}},"type":"if","locations":[{"start":{"line":68,"column":8},"end":{"line":70,"column":9}},{"start":{"line":68,"column":8},"end":{"line":70,"column":9}}],"line":68},"17":{"loc":{"start":{"line":68,"column":14},"end":{"line":68,"column":50}},"type":"binary-expr","locations":[{"start":{"line":68,"column":14},"end":{"line":68,"column":30}},{"start":{"line":68,"column":34},"end":{"line":68,"column":50}}],"line":68},"18":{"loc":{"start":{"line":74,"column":8},"end":{"line":76,"column":9}},"type":"if","locations":[{"start":{"line":74,"column":8},"end":{"line":76,"column":9}},{"start":{"line":74,"column":8},"end":{"line":76,"column":9}}],"line":74},"19":{"loc":{"start":{"line":74,"column":12},"end":{"line":74,"column":49}},"type":"binary-expr","locations":[{"start":{"line":74,"column":12},"end":{"line":74,"column":26}},{"start":{"line":74,"column":30},"end":{"line":74,"column":49}}],"line":74}},"s":{"0":1,"1":47,"2":47,"3":47,"4":6,"5":41,"6":0,"7":41,"8":2,"9":39,"10":2,"11":37,"12":0,"13":37,"14":0,"15":37,"16":38,"17":38,"18":38,"19":38,"20":5,"21":33,"22":2,"23":31,"24":0,"25":31,"26":452404,"27":0,"28":452404,"29":10,"30":452394,"31":452394,"32":452394,"33":1809528,"34":452394,"35":2261890,"36":452394,"37":72,"38":452322,"39":452322,"40":1809288,"41":452322,"42":2261610,"43":452322,"44":0,"45":452322,"46":2089322,"47":0,"48":2089322,"49":9,"50":9,"51":1},"f":{"0":47,"1":38,"2":452404,"3":1809528,"4":2261890,"5":1809288,"6":2261610,"7":2089322,"8":9},"b":{"0":[6,41],"1":[0,41],"2":[2,39],"3":[2,37],"4":[0,37],"5":[0,37],"6":[5,33],"7":[2,31],"8":[33,31],"9":[0,31],"10":[0,452404],"11":[10,452394],"12":[452404,452398,280044,280034],"13":[72,452322],"14":[452394,452362],"15":[2261610,2261610],"16":[0,452322],"17":[452322,452322],"18":[0,2089322],"19":[2089322,2089322]},"_coverageSchema":"332fd63041d2c1bcb487cc26dd0d5f7d97098a6c","hash":"5f9d72c6ea953803f0087fd659404834f56ee7d7","contentHash":"34315cbb930f1c67ac3578d28724ae59_11.3.0"},"C:\\Users\\ab\\Documents\\School\\CS310\\project_team124\\src\\model\\QueryHandler.js":{"path":"C:\\Users\\ab\\Documents\\School\\CS310\\project_team124\\src\\model\\QueryHandler.js","statementMap":{"0":{"start":{"line":2,"column":0},"end":{"line":2,"column":62}},"1":{"start":{"line":3,"column":23},"end":{"line":3,"column":48}},"2":{"start":{"line":4,"column":25},"end":{"line":4,"column":52}},"3":{"start":{"line":7,"column":24},"end":{"line":7,"column":61}},"4":{"start":{"line":8,"column":21},"end":{"line":8,"column":68}},"5":{"start":{"line":9,"column":8},"end":{"line":11,"column":9}},"6":{"start":{"line":10,"column":12},"end":{"line":10,"column":25}},"7":{"start":{"line":12,"column":8},"end":{"line":14,"column":9}},"8":{"start":{"line":13,"column":12},"end":{"line":13,"column":24}},"9":{"start":{"line":15,"column":21},"end":{"line":15,"column":49}},"10":{"start":{"line":16,"column":8},"end":{"line":18,"column":9}},"11":{"start":{"line":17,"column":12},"end":{"line":17,"column":26}},"12":{"start":{"line":19,"column":8},"end":{"line":19,"column":21}},"13":{"start":{"line":22,"column":0},"end":{"line":22,"column":31}}},"fnMap":{"0":{"name":"(anonymous_0)","decl":{"start":{"line":6,"column":4},"end":{"line":6,"column":5}},"loc":{"start":{"line":6,"column":33},"end":{"line":20,"column":5}},"line":6}},"branchMap":{"0":{"loc":{"start":{"line":9,"column":8},"end":{"line":11,"column":9}},"type":"if","locations":[{"start":{"line":9,"column":8},"end":{"line":11,"column":9}},{"start":{"line":9,"column":8},"end":{"line":11,"column":9}}],"line":9},"1":{"loc":{"start":{"line":12,"column":8},"end":{"line":14,"column":9}},"type":"if","locations":[{"start":{"line":12,"column":8},"end":{"line":14,"column":9}},{"start":{"line":12,"column":8},"end":{"line":14,"column":9}}],"line":12},"2":{"loc":{"start":{"line":16,"column":8},"end":{"line":18,"column":9}},"type":"if","locations":[{"start":{"line":16,"column":8},"end":{"line":18,"column":9}},{"start":{"line":16,"column":8},"end":{"line":18,"column":9}}],"line":16}},"s":{"0":1,"1":1,"2":1,"3":0,"4":0,"5":0,"6":0,"7":0,"8":0,"9":0,"10":0,"11":0,"12":0,"13":1},"f":{"0":0},"b":{"0":[0,0],"1":[0,0],"2":[0,0]},"_coverageSchema":"332fd63041d2c1bcb487cc26dd0d5f7d97098a6c","hash":"980ce1c73ca2fd0b7a82e2a1428e34e38ddf30ee","contentHash":"b367dc27333588f71869aa67b0eabefc_11.3.0"},"C:\\Users\\ab\\Documents\\School\\CS310\\project_team124\\src\\model\\FilterParser.js":{"path":"C:\\Users\\ab\\Documents\\School\\CS310\\project_team124\\src\\model\\FilterParser.js","statementMap":{"0":{"start":{"line":2,"column":0},"end":{"line":2,"column":62}},"1":{"start":{"line":3,"column":26},"end":{"line":3,"column":54}},"2":{"start":{"line":6,"column":27},"end":{"line":6,"column":32}},"3":{"start":{"line":7,"column":20},"end":{"line":7,"column":34}},"4":{"start":{"line":8,"column":8},"end":{"line":16,"column":9}},"5":{"start":{"line":9,"column":12},"end":{"line":9,"column":32}},"6":{"start":{"line":11,"column":13},"end":{"line":16,"column":9}},"7":{"start":{"line":12,"column":12},"end":{"line":12,"column":32}},"8":{"start":{"line":14,"column":13},"end":{"line":16,"column":9}},"9":{"start":{"line":15,"column":12},"end":{"line":15,"column":32}},"10":{"start":{"line":17,"column":19},"end":{"line":17,"column":23}},"11":{"start":{"line":18,"column":8},"end":{"line":20,"column":9}},"12":{"start":{"line":19,"column":12},"end":{"line":19,"column":24}},"13":{"start":{"line":21,"column":21},"end":{"line":21,"column":52}},"14":{"start":{"line":22,"column":8},"end":{"line":22,"column":60}},"15":{"start":{"line":25,"column":8},"end":{"line":25,"column":52}},"16":{"start":{"line":28,"column":0},"end":{"line":28,"column":31}}},"fnMap":{"0":{"name":"(anonymous_0)","decl":{"start":{"line":5,"column":4},"end":{"line":5,"column":5}},"loc":{"start":{"line":5,"column":57},"end":{"line":23,"column":5}},"line":5},"1":{"name":"(anonymous_1)","decl":{"start":{"line":24,"column":4},"end":{"line":24,"column":5}},"loc":{"start":{"line":24,"column":24},"end":{"line":26,"column":5}},"line":24}},"branchMap":{"0":{"loc":{"start":{"line":8,"column":8},"end":{"line":16,"column":9}},"type":"if","locations":[{"start":{"line":8,"column":8},"end":{"line":16,"column":9}},{"start":{"line":8,"column":8},"end":{"line":16,"column":9}}],"line":8},"1":{"loc":{"start":{"line":11,"column":13},"end":{"line":16,"column":9}},"type":"if","locations":[{"start":{"line":11,"column":13},"end":{"line":16,"column":9}},{"start":{"line":11,"column":13},"end":{"line":16,"column":9}}],"line":11},"2":{"loc":{"start":{"line":14,"column":13},"end":{"line":16,"column":9}},"type":"if","locations":[{"start":{"line":14,"column":13},"end":{"line":16,"column":9}},{"start":{"line":14,"column":13},"end":{"line":16,"column":9}}],"line":14},"3":{"loc":{"start":{"line":18,"column":8},"end":{"line":20,"column":9}},"type":"if","locations":[{"start":{"line":18,"column":8},"end":{"line":20,"column":9}},{"start":{"line":18,"column":8},"end":{"line":20,"column":9}}],"line":18}},"s":{"0":1,"1":1,"2":0,"3":0,"4":0,"5":0,"6":0,"7":0,"8":0,"9":0,"10":0,"11":0,"12":0,"13":0,"14":0,"15":0,"16":1},"f":{"0":0,"1":0},"b":{"0":[0,0],"1":[0,0],"2":[0,0],"3":[0,0]},"_coverageSchema":"332fd63041d2c1bcb487cc26dd0d5f7d97098a6c","hash":"8eb90ca95ba05c8567b794a4259a1bf877daebd7","contentHash":"d4a66ef5f817d5be4b2bd5c4b20336a1_11.3.0"},"C:\\Users\\ab\\Documents\\School\\CS310\\project_team124\\src\\model\\ValidatorFilter.js":{"path":"C:\\Users\\ab\\Documents\\School\\CS310\\project_team124\\src\\model\\ValidatorFilter.js","statementMap":{"0":{"start":{"line":2,"column":0},"end":{"line":2,"column":62}},"1":{"start":{"line":3,"column":20},"end":{"line":3,"column":42}},"2":{"start":{"line":6,"column":19},"end":{"line":6,"column":23}},"3":{"start":{"line":7,"column":26},"end":{"line":7,"column":31}},"4":{"start":{"line":8,"column":18},"end":{"line":8,"column":46}},"5":{"start":{"line":9,"column":8},"end":{"line":11,"column":9}},"6":{"start":{"line":10,"column":12},"end":{"line":10,"column":29}},"7":{"start":{"line":12,"column":20},"end":{"line":12,"column":50}},"8":{"start":{"line":13,"column":8},"end":{"line":15,"column":9}},"9":{"start":{"line":14,"column":12},"end":{"line":14,"column":29}},"10":{"start":{"line":16,"column":8},"end":{"line":30,"column":9}},"11":{"start":{"line":17,"column":12},"end":{"line":17,"column":29}},"12":{"start":{"line":19,"column":13},"end":{"line":30,"column":9}},"13":{"start":{"line":20,"column":12},"end":{"line":20,"column":70}},"14":{"start":{"line":22,"column":13},"end":{"line":30,"column":9}},"15":{"start":{"line":23,"column":12},"end":{"line":23,"column":60}},"16":{"start":{"line":25,"column":13},"end":{"line":30,"column":9}},"17":{"start":{"line":26,"column":12},"end":{"line":26,"column":68}},"18":{"start":{"line":28,"column":13},"end":{"line":30,"column":9}},"19":{"start":{"line":29,"column":12},"end":{"line":29,"column":59}},"20":{"start":{"line":31,"column":8},"end":{"line":31,"column":20}},"21":{"start":{"line":34,"column":18},"end":{"line":34,"column":26}},"22":{"start":{"line":35,"column":23},"end":{"line":35,"column":27}},"23":{"start":{"line":36,"column":24},"end":{"line":36,"column":29}},"24":{"start":{"line":37,"column":19},"end":{"line":37,"column":23}},"25":{"start":{"line":38,"column":26},"end":{"line":38,"column":31}},"26":{"start":{"line":39,"column":8},"end":{"line":47,"column":9}},"27":{"start":{"line":40,"column":12},"end":{"line":40,"column":29}},"28":{"start":{"line":42,"column":13},"end":{"line":47,"column":9}},"29":{"start":{"line":43,"column":12},"end":{"line":43,"column":29}},"30":{"start":{"line":45,"column":13},"end":{"line":47,"column":9}},"31":{"start":{"line":46,"column":12},"end":{"line":46,"column":29}},"32":{"start":{"line":48,"column":8},"end":{"line":67,"column":9}},"33":{"start":{"line":49,"column":12},"end":{"line":51,"column":13}},"34":{"start":{"line":50,"column":16},"end":{"line":50,"column":33}},"35":{"start":{"line":52,"column":12},"end":{"line":57,"column":13}},"36":{"start":{"line":53,"column":16},"end":{"line":53,"column":33}},"37":{"start":{"line":55,"column":17},"end":{"line":57,"column":13}},"38":{"start":{"line":56,"column":16},"end":{"line":56,"column":33}},"39":{"start":{"line":58,"column":12},"end":{"line":60,"column":13}},"40":{"start":{"line":59,"column":16},"end":{"line":59,"column":33}},"41":{"start":{"line":61,"column":12},"end":{"line":63,"column":13}},"42":{"start":{"line":62,"column":16},"end":{"line":62,"column":33}},"43":{"start":{"line":64,"column":12},"end":{"line":66,"column":13}},"44":{"start":{"line":65,"column":16},"end":{"line":65,"column":33}},"45":{"start":{"line":68,"column":8},"end":{"line":68,"column":24}},"46":{"start":{"line":71,"column":23},"end":{"line":71,"column":27}},"47":{"start":{"line":72,"column":24},"end":{"line":72,"column":29}},"48":{"start":{"line":73,"column":19},"end":{"line":73,"column":23}},"49":{"start":{"line":74,"column":8},"end":{"line":76,"column":9}},"50":{"start":{"line":75,"column":12},"end":{"line":75,"column":29}},"51":{"start":{"line":77,"column":8},"end":{"line":82,"column":9}},"52":{"start":{"line":78,"column":12},"end":{"line":78,"column":29}},"53":{"start":{"line":80,"column":13},"end":{"line":82,"column":9}},"54":{"start":{"line":81,"column":12},"end":{"line":81,"column":29}},"55":{"start":{"line":83,"column":8},"end":{"line":83,"column":24}},"56":{"start":{"line":86,"column":26},"end":{"line":86,"column":31}},"57":{"start":{"line":87,"column":25},"end":{"line":87,"column":29}},"58":{"start":{"line":88,"column":8},"end":{"line":90,"column":9}},"59":{"start":{"line":89,"column":12},"end":{"line":89,"column":29}},"60":{"start":{"line":91,"column":8},"end":{"line":96,"column":9}},"61":{"start":{"line":92,"column":12},"end":{"line":92,"column":29}},"62":{"start":{"line":94,"column":13},"end":{"line":96,"column":9}},"63":{"start":{"line":95,"column":12},"end":{"line":95,"column":29}},"64":{"start":{"line":97,"column":21},"end":{"line":97,"column":69}},"65":{"start":{"line":98,"column":8},"end":{"line":100,"column":9}},"66":{"start":{"line":99,"column":12},"end":{"line":99,"column":25}},"67":{"start":{"line":101,"column":8},"end":{"line":103,"column":9}},"68":{"start":{"line":102,"column":12},"end":{"line":102,"column":29}},"69":{"start":{"line":104,"column":8},"end":{"line":106,"column":9}},"70":{"start":{"line":105,"column":12},"end":{"line":105,"column":29}},"71":{"start":{"line":107,"column":8},"end":{"line":107,"column":22}},"72":{"start":{"line":108,"column":8},"end":{"line":108,"column":24}},"73":{"start":{"line":111,"column":27},"end":{"line":111,"column":32}},"74":{"start":{"line":112,"column":26},"end":{"line":112,"column":30}},"75":{"start":{"line":113,"column":8},"end":{"line":115,"column":9}},"76":{"start":{"line":114,"column":12},"end":{"line":114,"column":30}},"77":{"start":{"line":116,"column":8},"end":{"line":121,"column":9}},"78":{"start":{"line":117,"column":12},"end":{"line":117,"column":30}},"79":{"start":{"line":119,"column":13},"end":{"line":121,"column":9}},"80":{"start":{"line":120,"column":12},"end":{"line":120,"column":30}},"81":{"start":{"line":122,"column":8},"end":{"line":124,"column":9}},"82":{"start":{"line":123,"column":12},"end":{"line":123,"column":30}},"83":{"start":{"line":125,"column":8},"end":{"line":127,"column":9}},"84":{"start":{"line":126,"column":12},"end":{"line":126,"column":30}},"85":{"start":{"line":128,"column":18},"end":{"line":128,"column":45}},"86":{"start":{"line":129,"column":8},"end":{"line":131,"column":9}},"87":{"start":{"line":130,"column":12},"end":{"line":130,"column":30}},"88":{"start":{"line":132,"column":8},"end":{"line":134,"column":9}},"89":{"start":{"line":133,"column":12},"end":{"line":133,"column":30}},"90":{"start":{"line":135,"column":30},"end":{"line":135,"column":44}},"91":{"start":{"line":136,"column":8},"end":{"line":138,"column":9}},"92":{"start":{"line":137,"column":12},"end":{"line":137,"column":30}},"93":{"start":{"line":139,"column":17},"end":{"line":139,"column":35}},"94":{"start":{"line":140,"column":8},"end":{"line":142,"column":9}},"95":{"start":{"line":141,"column":12},"end":{"line":141,"column":30}},"96":{"start":{"line":143,"column":20},"end":{"line":143,"column":38}},"97":{"start":{"line":144,"column":30},"end":{"line":144,"column":83}},"98":{"start":{"line":145,"column":8},"end":{"line":147,"column":9}},"99":{"start":{"line":146,"column":12},"end":{"line":146,"column":30}},"100":{"start":{"line":148,"column":20},"end":{"line":148,"column":49}},"101":{"start":{"line":149,"column":8},"end":{"line":151,"column":9}},"102":{"start":{"line":150,"column":12},"end":{"line":150,"column":30}},"103":{"start":{"line":152,"column":8},"end":{"line":154,"column":9}},"104":{"start":{"line":153,"column":12},"end":{"line":153,"column":30}},"105":{"start":{"line":155,"column":8},"end":{"line":157,"column":9}},"106":{"start":{"line":156,"column":12},"end":{"line":156,"column":30}},"107":{"start":{"line":158,"column":8},"end":{"line":160,"column":9}},"108":{"start":{"line":159,"column":12},"end":{"line":159,"column":30}},"109":{"start":{"line":161,"column":8},"end":{"line":161,"column":25}},"110":{"start":{"line":164,"column":27},"end":{"line":164,"column":32}},"111":{"start":{"line":165,"column":26},"end":{"line":165,"column":30}},"112":{"start":{"line":166,"column":8},"end":{"line":168,"column":9}},"113":{"start":{"line":167,"column":12},"end":{"line":167,"column":30}},"114":{"start":{"line":169,"column":8},"end":{"line":174,"column":9}},"115":{"start":{"line":170,"column":12},"end":{"line":170,"column":30}},"116":{"start":{"line":172,"column":13},"end":{"line":174,"column":9}},"117":{"start":{"line":173,"column":12},"end":{"line":173,"column":30}},"118":{"start":{"line":175,"column":18},"end":{"line":175,"column":45}},"119":{"start":{"line":176,"column":8},"end":{"line":178,"column":9}},"120":{"start":{"line":177,"column":12},"end":{"line":177,"column":30}},"121":{"start":{"line":179,"column":8},"end":{"line":181,"column":9}},"122":{"start":{"line":180,"column":12},"end":{"line":180,"column":30}},"123":{"start":{"line":182,"column":30},"end":{"line":182,"column":44}},"124":{"start":{"line":183,"column":8},"end":{"line":185,"column":9}},"125":{"start":{"line":184,"column":12},"end":{"line":184,"column":30}},"126":{"start":{"line":186,"column":17},"end":{"line":186,"column":35}},"127":{"start":{"line":187,"column":8},"end":{"line":189,"column":9}},"128":{"start":{"line":188,"column":12},"end":{"line":188,"column":30}},"129":{"start":{"line":190,"column":20},"end":{"line":190,"column":38}},"130":{"start":{"line":191,"column":30},"end":{"line":191,"column":83}},"131":{"start":{"line":192,"column":8},"end":{"line":194,"column":9}},"132":{"start":{"line":193,"column":12},"end":{"line":193,"column":30}},"133":{"start":{"line":195,"column":20},"end":{"line":195,"column":49}},"134":{"start":{"line":196,"column":8},"end":{"line":198,"column":9}},"135":{"start":{"line":197,"column":12},"end":{"line":197,"column":30}},"136":{"start":{"line":199,"column":8},"end":{"line":201,"column":9}},"137":{"start":{"line":200,"column":12},"end":{"line":200,"column":30}},"138":{"start":{"line":202,"column":8},"end":{"line":204,"column":9}},"139":{"start":{"line":203,"column":12},"end":{"line":203,"column":30}},"140":{"start":{"line":205,"column":8},"end":{"line":207,"column":9}},"141":{"start":{"line":206,"column":12},"end":{"line":206,"column":30}},"142":{"start":{"line":208,"column":8},"end":{"line":208,"column":41}},"143":{"start":{"line":211,"column":27},"end":{"line":211,"column":32}},"144":{"start":{"line":212,"column":26},"end":{"line":212,"column":30}},"145":{"start":{"line":213,"column":8},"end":{"line":217,"column":9}},"146":{"start":{"line":214,"column":12},"end":{"line":216,"column":13}},"147":{"start":{"line":215,"column":16},"end":{"line":215,"column":34}},"148":{"start":{"line":218,"column":8},"end":{"line":218,"column":25}},"149":{"start":{"line":221,"column":27},"end":{"line":221,"column":32}},"150":{"start":{"line":222,"column":26},"end":{"line":222,"column":30}},"151":{"start":{"line":223,"column":8},"end":{"line":239,"column":9}},"152":{"start":{"line":224,"column":12},"end":{"line":224,"column":29}},"153":{"start":{"line":226,"column":13},"end":{"line":239,"column":9}},"154":{"start":{"line":227,"column":12},"end":{"line":227,"column":30}},"155":{"start":{"line":230,"column":20},"end":{"line":230,"column":21}},"156":{"start":{"line":231,"column":12},"end":{"line":238,"column":13}},"157":{"start":{"line":232,"column":16},"end":{"line":236,"column":17}},"158":{"start":{"line":233,"column":20},"end":{"line":235,"column":21}},"159":{"start":{"line":234,"column":24},"end":{"line":234,"column":42}},"160":{"start":{"line":237,"column":16},"end":{"line":237,"column":20}},"161":{"start":{"line":242,"column":0},"end":{"line":242,"column":76}},"162":{"start":{"line":243,"column":0},"end":{"line":243,"column":51}},"163":{"start":{"line":244,"column":0},"end":{"line":244,"column":28}},"164":{"start":{"line":245,"column":0},"end":{"line":245,"column":38}},"165":{"start":{"line":246,"column":0},"end":{"line":246,"column":50}},"166":{"start":{"line":247,"column":0},"end":{"line":247,"column":34}}},"fnMap":{"0":{"name":"(anonymous_0)","decl":{"start":{"line":5,"column":4},"end":{"line":5,"column":5}},"loc":{"start":{"line":5,"column":49},"end":{"line":32,"column":5}},"line":5},"1":{"name":"(anonymous_1)","decl":{"start":{"line":33,"column":4},"end":{"line":33,"column":5}},"loc":{"start":{"line":33,"column":50},"end":{"line":69,"column":5}},"line":33},"2":{"name":"(anonymous_2)","decl":{"start":{"line":70,"column":4},"end":{"line":70,"column":5}},"loc":{"start":{"line":70,"column":21},"end":{"line":84,"column":5}},"line":70},"3":{"name":"(anonymous_3)","decl":{"start":{"line":85,"column":4},"end":{"line":85,"column":5}},"loc":{"start":{"line":85,"column":46},"end":{"line":109,"column":5}},"line":85},"4":{"name":"(anonymous_4)","decl":{"start":{"line":110,"column":4},"end":{"line":110,"column":5}},"loc":{"start":{"line":110,"column":62},"end":{"line":162,"column":5}},"line":110},"5":{"name":"(anonymous_5)","decl":{"start":{"line":163,"column":4},"end":{"line":163,"column":5}},"loc":{"start":{"line":163,"column":53},"end":{"line":209,"column":5}},"line":163},"6":{"name":"(anonymous_6)","decl":{"start":{"line":210,"column":4},"end":{"line":210,"column":5}},"loc":{"start":{"line":210,"column":25},"end":{"line":219,"column":5}},"line":210},"7":{"name":"(anonymous_7)","decl":{"start":{"line":220,"column":4},"end":{"line":220,"column":5}},"loc":{"start":{"line":220,"column":32},"end":{"line":240,"column":5}},"line":220}},"branchMap":{"0":{"loc":{"start":{"line":9,"column":8},"end":{"line":11,"column":9}},"type":"if","locations":[{"start":{"line":9,"column":8},"end":{"line":11,"column":9}},{"start":{"line":9,"column":8},"end":{"line":11,"column":9}}],"line":9},"1":{"loc":{"start":{"line":13,"column":8},"end":{"line":15,"column":9}},"type":"if","locations":[{"start":{"line":13,"column":8},"end":{"line":15,"column":9}},{"start":{"line":13,"column":8},"end":{"line":15,"column":9}}],"line":13},"2":{"loc":{"start":{"line":16,"column":8},"end":{"line":30,"column":9}},"type":"if","locations":[{"start":{"line":16,"column":8},"end":{"line":30,"column":9}},{"start":{"line":16,"column":8},"end":{"line":30,"column":9}}],"line":16},"3":{"loc":{"start":{"line":19,"column":13},"end":{"line":30,"column":9}},"type":"if","locations":[{"start":{"line":19,"column":13},"end":{"line":30,"column":9}},{"start":{"line":19,"column":13},"end":{"line":30,"column":9}}],"line":19},"4":{"loc":{"start":{"line":22,"column":13},"end":{"line":30,"column":9}},"type":"if","locations":[{"start":{"line":22,"column":13},"end":{"line":30,"column":9}},{"start":{"line":22,"column":13},"end":{"line":30,"column":9}}],"line":22},"5":{"loc":{"start":{"line":25,"column":13},"end":{"line":30,"column":9}},"type":"if","locations":[{"start":{"line":25,"column":13},"end":{"line":30,"column":9}},{"start":{"line":25,"column":13},"end":{"line":30,"column":9}}],"line":25},"6":{"loc":{"start":{"line":28,"column":13},"end":{"line":30,"column":9}},"type":"if","locations":[{"start":{"line":28,"column":13},"end":{"line":30,"column":9}},{"start":{"line":28,"column":13},"end":{"line":30,"column":9}}],"line":28},"7":{"loc":{"start":{"line":39,"column":8},"end":{"line":47,"column":9}},"type":"if","locations":[{"start":{"line":39,"column":8},"end":{"line":47,"column":9}},{"start":{"line":39,"column":8},"end":{"line":47,"column":9}}],"line":39},"8":{"loc":{"start":{"line":42,"column":13},"end":{"line":47,"column":9}},"type":"if","locations":[{"start":{"line":42,"column":13},"end":{"line":47,"column":9}},{"start":{"line":42,"column":13},"end":{"line":47,"column":9}}],"line":42},"9":{"loc":{"start":{"line":45,"column":13},"end":{"line":47,"column":9}},"type":"if","locations":[{"start":{"line":45,"column":13},"end":{"line":47,"column":9}},{"start":{"line":45,"column":13},"end":{"line":47,"column":9}}],"line":45},"10":{"loc":{"start":{"line":49,"column":12},"end":{"line":51,"column":13}},"type":"if","locations":[{"start":{"line":49,"column":12},"end":{"line":51,"column":13}},{"start":{"line":49,"column":12},"end":{"line":51,"column":13}}],"line":49},"11":{"loc":{"start":{"line":52,"column":12},"end":{"line":57,"column":13}},"type":"if","locations":[{"start":{"line":52,"column":12},"end":{"line":57,"column":13}},{"start":{"line":52,"column":12},"end":{"line":57,"column":13}}],"line":52},"12":{"loc":{"start":{"line":55,"column":17},"end":{"line":57,"column":13}},"type":"if","locations":[{"start":{"line":55,"column":17},"end":{"line":57,"column":13}},{"start":{"line":55,"column":17},"end":{"line":57,"column":13}}],"line":55},"13":{"loc":{"start":{"line":58,"column":12},"end":{"line":60,"column":13}},"type":"if","locations":[{"start":{"line":58,"column":12},"end":{"line":60,"column":13}},{"start":{"line":58,"column":12},"end":{"line":60,"column":13}}],"line":58},"14":{"loc":{"start":{"line":61,"column":12},"end":{"line":63,"column":13}},"type":"if","locations":[{"start":{"line":61,"column":12},"end":{"line":63,"column":13}},{"start":{"line":61,"column":12},"end":{"line":63,"column":13}}],"line":61},"15":{"loc":{"start":{"line":64,"column":12},"end":{"line":66,"column":13}},"type":"if","locations":[{"start":{"line":64,"column":12},"end":{"line":66,"column":13}},{"start":{"line":64,"column":12},"end":{"line":66,"column":13}}],"line":64},"16":{"loc":{"start":{"line":74,"column":8},"end":{"line":76,"column":9}},"type":"if","locations":[{"start":{"line":74,"column":8},"end":{"line":76,"column":9}},{"start":{"line":74,"column":8},"end":{"line":76,"column":9}}],"line":74},"17":{"loc":{"start":{"line":77,"column":8},"end":{"line":82,"column":9}},"type":"if","locations":[{"start":{"line":77,"column":8},"end":{"line":82,"column":9}},{"start":{"line":77,"column":8},"end":{"line":82,"column":9}}],"line":77},"18":{"loc":{"start":{"line":80,"column":13},"end":{"line":82,"column":9}},"type":"if","locations":[{"start":{"line":80,"column":13},"end":{"line":82,"column":9}},{"start":{"line":80,"column":13},"end":{"line":82,"column":9}}],"line":80},"19":{"loc":{"start":{"line":88,"column":8},"end":{"line":90,"column":9}},"type":"if","locations":[{"start":{"line":88,"column":8},"end":{"line":90,"column":9}},{"start":{"line":88,"column":8},"end":{"line":90,"column":9}}],"line":88},"20":{"loc":{"start":{"line":91,"column":8},"end":{"line":96,"column":9}},"type":"if","locations":[{"start":{"line":91,"column":8},"end":{"line":96,"column":9}},{"start":{"line":91,"column":8},"end":{"line":96,"column":9}}],"line":91},"21":{"loc":{"start":{"line":94,"column":13},"end":{"line":96,"column":9}},"type":"if","locations":[{"start":{"line":94,"column":13},"end":{"line":96,"column":9}},{"start":{"line":94,"column":13},"end":{"line":96,"column":9}}],"line":94},"22":{"loc":{"start":{"line":98,"column":8},"end":{"line":100,"column":9}},"type":"if","locations":[{"start":{"line":98,"column":8},"end":{"line":100,"column":9}},{"start":{"line":98,"column":8},"end":{"line":100,"column":9}}],"line":98},"23":{"loc":{"start":{"line":101,"column":8},"end":{"line":103,"column":9}},"type":"if","locations":[{"start":{"line":101,"column":8},"end":{"line":103,"column":9}},{"start":{"line":101,"column":8},"end":{"line":103,"column":9}}],"line":101},"24":{"loc":{"start":{"line":104,"column":8},"end":{"line":106,"column":9}},"type":"if","locations":[{"start":{"line":104,"column":8},"end":{"line":106,"column":9}},{"start":{"line":104,"column":8},"end":{"line":106,"column":9}}],"line":104},"25":{"loc":{"start":{"line":113,"column":8},"end":{"line":115,"column":9}},"type":"if","locations":[{"start":{"line":113,"column":8},"end":{"line":115,"column":9}},{"start":{"line":113,"column":8},"end":{"line":115,"column":9}}],"line":113},"26":{"loc":{"start":{"line":116,"column":8},"end":{"line":121,"column":9}},"type":"if","locations":[{"start":{"line":116,"column":8},"end":{"line":121,"column":9}},{"start":{"line":116,"column":8},"end":{"line":121,"column":9}}],"line":116},"27":{"loc":{"start":{"line":119,"column":13},"end":{"line":121,"column":9}},"type":"if","locations":[{"start":{"line":119,"column":13},"end":{"line":121,"column":9}},{"start":{"line":119,"column":13},"end":{"line":121,"column":9}}],"line":119},"28":{"loc":{"start":{"line":122,"column":8},"end":{"line":124,"column":9}},"type":"if","locations":[{"start":{"line":122,"column":8},"end":{"line":124,"column":9}},{"start":{"line":122,"column":8},"end":{"line":124,"column":9}}],"line":122},"29":{"loc":{"start":{"line":125,"column":8},"end":{"line":127,"column":9}},"type":"if","locations":[{"start":{"line":125,"column":8},"end":{"line":127,"column":9}},{"start":{"line":125,"column":8},"end":{"line":127,"column":9}}],"line":125},"30":{"loc":{"start":{"line":129,"column":8},"end":{"line":131,"column":9}},"type":"if","locations":[{"start":{"line":129,"column":8},"end":{"line":131,"column":9}},{"start":{"line":129,"column":8},"end":{"line":131,"column":9}}],"line":129},"31":{"loc":{"start":{"line":132,"column":8},"end":{"line":134,"column":9}},"type":"if","locations":[{"start":{"line":132,"column":8},"end":{"line":134,"column":9}},{"start":{"line":132,"column":8},"end":{"line":134,"column":9}}],"line":132},"32":{"loc":{"start":{"line":136,"column":8},"end":{"line":138,"column":9}},"type":"if","locations":[{"start":{"line":136,"column":8},"end":{"line":138,"column":9}},{"start":{"line":136,"column":8},"end":{"line":138,"column":9}}],"line":136},"33":{"loc":{"start":{"line":140,"column":8},"end":{"line":142,"column":9}},"type":"if","locations":[{"start":{"line":140,"column":8},"end":{"line":142,"column":9}},{"start":{"line":140,"column":8},"end":{"line":142,"column":9}}],"line":140},"34":{"loc":{"start":{"line":145,"column":8},"end":{"line":147,"column":9}},"type":"if","locations":[{"start":{"line":145,"column":8},"end":{"line":147,"column":9}},{"start":{"line":145,"column":8},"end":{"line":147,"column":9}}],"line":145},"35":{"loc":{"start":{"line":149,"column":8},"end":{"line":151,"column":9}},"type":"if","locations":[{"start":{"line":149,"column":8},"end":{"line":151,"column":9}},{"start":{"line":149,"column":8},"end":{"line":151,"column":9}}],"line":149},"36":{"loc":{"start":{"line":152,"column":8},"end":{"line":154,"column":9}},"type":"if","locations":[{"start":{"line":152,"column":8},"end":{"line":154,"column":9}},{"start":{"line":152,"column":8},"end":{"line":154,"column":9}}],"line":152},"37":{"loc":{"start":{"line":155,"column":8},"end":{"line":157,"column":9}},"type":"if","locations":[{"start":{"line":155,"column":8},"end":{"line":157,"column":9}},{"start":{"line":155,"column":8},"end":{"line":157,"column":9}}],"line":155},"38":{"loc":{"start":{"line":158,"column":8},"end":{"line":160,"column":9}},"type":"if","locations":[{"start":{"line":158,"column":8},"end":{"line":160,"column":9}},{"start":{"line":158,"column":8},"end":{"line":160,"column":9}}],"line":158},"39":{"loc":{"start":{"line":158,"column":12},"end":{"line":158,"column":92}},"type":"binary-expr","locations":[{"start":{"line":158,"column":13},"end":{"line":158,"column":48}},{"start":{"line":158,"column":54},"end":{"line":158,"column":91}}],"line":158},"40":{"loc":{"start":{"line":166,"column":8},"end":{"line":168,"column":9}},"type":"if","locations":[{"start":{"line":166,"column":8},"end":{"line":168,"column":9}},{"start":{"line":166,"column":8},"end":{"line":168,"column":9}}],"line":166},"41":{"loc":{"start":{"line":169,"column":8},"end":{"line":174,"column":9}},"type":"if","locations":[{"start":{"line":169,"column":8},"end":{"line":174,"column":9}},{"start":{"line":169,"column":8},"end":{"line":174,"column":9}}],"line":169},"42":{"loc":{"start":{"line":172,"column":13},"end":{"line":174,"column":9}},"type":"if","locations":[{"start":{"line":172,"column":13},"end":{"line":174,"column":9}},{"start":{"line":172,"column":13},"end":{"line":174,"column":9}}],"line":172},"43":{"loc":{"start":{"line":176,"column":8},"end":{"line":178,"column":9}},"type":"if","locations":[{"start":{"line":176,"column":8},"end":{"line":178,"column":9}},{"start":{"line":176,"column":8},"end":{"line":178,"column":9}}],"line":176},"44":{"loc":{"start":{"line":179,"column":8},"end":{"line":181,"column":9}},"type":"if","locations":[{"start":{"line":179,"column":8},"end":{"line":181,"column":9}},{"start":{"line":179,"column":8},"end":{"line":181,"column":9}}],"line":179},"45":{"loc":{"start":{"line":183,"column":8},"end":{"line":185,"column":9}},"type":"if","locations":[{"start":{"line":183,"column":8},"end":{"line":185,"column":9}},{"start":{"line":183,"column":8},"end":{"line":185,"column":9}}],"line":183},"46":{"loc":{"start":{"line":187,"column":8},"end":{"line":189,"column":9}},"type":"if","locations":[{"start":{"line":187,"column":8},"end":{"line":189,"column":9}},{"start":{"line":187,"column":8},"end":{"line":189,"column":9}}],"line":187},"47":{"loc":{"start":{"line":192,"column":8},"end":{"line":194,"column":9}},"type":"if","locations":[{"start":{"line":192,"column":8},"end":{"line":194,"column":9}},{"start":{"line":192,"column":8},"end":{"line":194,"column":9}}],"line":192},"48":{"loc":{"start":{"line":196,"column":8},"end":{"line":198,"column":9}},"type":"if","locations":[{"start":{"line":196,"column":8},"end":{"line":198,"column":9}},{"start":{"line":196,"column":8},"end":{"line":198,"column":9}}],"line":196},"49":{"loc":{"start":{"line":199,"column":8},"end":{"line":201,"column":9}},"type":"if","locations":[{"start":{"line":199,"column":8},"end":{"line":201,"column":9}},{"start":{"line":199,"column":8},"end":{"line":201,"column":9}}],"line":199},"50":{"loc":{"start":{"line":202,"column":8},"end":{"line":204,"column":9}},"type":"if","locations":[{"start":{"line":202,"column":8},"end":{"line":204,"column":9}},{"start":{"line":202,"column":8},"end":{"line":204,"column":9}}],"line":202},"51":{"loc":{"start":{"line":205,"column":8},"end":{"line":207,"column":9}},"type":"if","locations":[{"start":{"line":205,"column":8},"end":{"line":207,"column":9}},{"start":{"line":205,"column":8},"end":{"line":207,"column":9}}],"line":205},"52":{"loc":{"start":{"line":205,"column":12},"end":{"line":205,"column":92}},"type":"binary-expr","locations":[{"start":{"line":205,"column":13},"end":{"line":205,"column":48}},{"start":{"line":205,"column":54},"end":{"line":205,"column":91}}],"line":205},"53":{"loc":{"start":{"line":213,"column":8},"end":{"line":217,"column":9}},"type":"if","locations":[{"start":{"line":213,"column":8},"end":{"line":217,"column":9}},{"start":{"line":213,"column":8},"end":{"line":217,"column":9}}],"line":213},"54":{"loc":{"start":{"line":214,"column":12},"end":{"line":216,"column":13}},"type":"if","locations":[{"start":{"line":214,"column":12},"end":{"line":216,"column":13}},{"start":{"line":214,"column":12},"end":{"line":216,"column":13}}],"line":214},"55":{"loc":{"start":{"line":223,"column":8},"end":{"line":239,"column":9}},"type":"if","locations":[{"start":{"line":223,"column":8},"end":{"line":239,"column":9}},{"start":{"line":223,"column":8},"end":{"line":239,"column":9}}],"line":223},"56":{"loc":{"start":{"line":226,"column":13},"end":{"line":239,"column":9}},"type":"if","locations":[{"start":{"line":226,"column":13},"end":{"line":239,"column":9}},{"start":{"line":226,"column":13},"end":{"line":239,"column":9}}],"line":226},"57":{"loc":{"start":{"line":232,"column":16},"end":{"line":236,"column":17}},"type":"if","locations":[{"start":{"line":232,"column":16},"end":{"line":236,"column":17}},{"start":{"line":232,"column":16},"end":{"line":236,"column":17}}],"line":232},"58":{"loc":{"start":{"line":232,"column":20},"end":{"line":232,"column":57}},"type":"binary-expr","locations":[{"start":{"line":232,"column":21},"end":{"line":232,"column":28}},{"start":{"line":232,"column":34},"end":{"line":232,"column":56}}],"line":232},"59":{"loc":{"start":{"line":233,"column":20},"end":{"line":235,"column":21}},"type":"if","locations":[{"start":{"line":233,"column":20},"end":{"line":235,"column":21}},{"start":{"line":233,"column":20},"end":{"line":235,"column":21}}],"line":233}},"s":{"0":1,"1":1,"2":0,"3":0,"4":0,"5":0,"6":0,"7":0,"8":0,"9":0,"10":0,"11":0,"12":0,"13":0,"14":0,"15":0,"16":0,"17":0,"18":0,"19":0,"20":0,"21":0,"22":0,"23":0,"24":0,"25":0,"26":0,"27":0,"28":0,"29":0,"30":0,"31":0,"32":0,"33":0,"34":0,"35":0,"36":0,"37":0,"38":0,"39":0,"40":0,"41":0,"42":0,"43":0,"44":0,"45":0,"46":0,"47":0,"48":0,"49":0,"50":0,"51":0,"52":0,"53":0,"54":0,"55":0,"56":0,"57":0,"58":0,"59":0,"60":0,"61":0,"62":0,"63":0,"64":0,"65":0,"66":0,"67":0,"68":0,"69":0,"70":0,"71":0,"72":0,"73":0,"74":0,"75":0,"76":0,"77":0,"78":0,"79":0,"80":0,"81":0,"82":0,"83":0,"84":0,"85":0,"86":0,"87":0,"88":0,"89":0,"90":0,"91":0,"92":0,"93":0,"94":0,"95":0,"96":0,"97":0,"98":0,"99":0,"100":0,"101":0,"102":0,"103":0,"104":0,"105":0,"106":0,"107":0,"108":0,"109":0,"110":0,"111":0,"112":0,"113":0,"114":0,"115":0,"116":0,"117":0,"118":0,"119":0,"120":0,"121":0,"122":0,"123":0,"124":0,"125":0,"126":0,"127":0,"128":0,"129":0,"130":0,"131":0,"132":0,"133":0,"134":0,"135":0,"136":0,"137":0,"138":0,"139":0,"140":0,"141":0,"142":0,"143":0,"144":0,"145":0,"146":0,"147":0,"148":0,"149":0,"150":0,"151":0,"152":0,"153":0,"154":0,"155":0,"156":0,"157":0,"158":0,"159":0,"160":0,"161":1,"162":1,"163":1,"164":1,"165":1,"166":1},"f":{"0":0,"1":0,"2":0,"3":0,"4":0,"5":0,"6":0,"7":0},"b":{"0":[0,0],"1":[0,0],"2":[0,0],"3":[0,0],"4":[0,0],"5":[0,0],"6":[0,0],"7":[0,0],"8":[0,0],"9":[0,0],"10":[0,0],"11":[0,0],"12":[0,0],"13":[0,0],"14":[0,0],"15":[0,0],"16":[0,0],"17":[0,0],"18":[0,0],"19":[0,0],"20":[0,0],"21":[0,0],"22":[0,0],"23":[0,0],"24":[0,0],"25":[0,0],"26":[0,0],"27":[0,0],"28":[0,0],"29":[0,0],"30":[0,0],"31":[0,0],"32":[0,0],"33":[0,0],"34":[0,0],"35":[0,0],"36":[0,0],"37":[0,0],"38":[0,0],"39":[0,0],"40":[0,0],"41":[0,0],"42":[0,0],"43":[0,0],"44":[0,0],"45":[0,0],"46":[0,0],"47":[0,0],"48":[0,0],"49":[0,0],"50":[0,0],"51":[0,0],"52":[0,0],"53":[0,0],"54":[0,0],"55":[0,0],"56":[0,0],"57":[0,0],"58":[0,0],"59":[0,0]},"_coverageSchema":"332fd63
[...]
n":39},"end":{"line":9,"column":42}},"6":{"start":{"line":10,"column":36},"end":{"line":10,"column":63}},"7":{"start":{"line":12,"column":16},"end":{"line":19,"column":17}},"8":{"start":{"line":13,"column":20},"end":{"line":14,"column":54}},"9":{"start":{"line":16,"column":21},"end":{"line":19,"column":17}},"10":{"start":{"line":17,"column":20},"end":{"line":18,"column":81}},"11":{"start":{"line":20,"column":16},"end":{"line":23,"column":17}},"12":{"start":{"line":21,"column":20},"end":{"line":21,"column":33}},"13":{"start":{"line":22,"column":20},"end":{"line":22,"column":34}},"14":{"start":{"line":24,"column":16},"end":{"line":24,"column":40}},"15":{"start":{"line":25,"column":30},"end":{"line":25,"column":32}},"16":{"start":{"line":26,"column":16},"end":{"line":28,"column":19}},"17":{"start":{"line":27,"column":20},"end":{"line":27,"column":37}},"18":{"start":{"line":29,"column":16},"end":{"line":37,"column":19}},"19":{"start":{"line":30,"column":20},"end":{"line":36,"column":21}},"20":{"start":{"line":31,"column":43},"end":{"line":31,"column":62}},"21":{"start":{"line":32,"column":24},"end":{"line":32,"column":44}},"22":{"start":{"line":35,"column":24},"end":{"line":35,"column":34}},"23":{"start":{"line":39,"column":16},"end":{"line":39,"column":26}},"24":{"start":{"line":44,"column":0},"end":{"line":44,"column":29}}},"fnMap":{"0":{"name":"(anonymous_0)","decl":{"start":{"line":4,"column":4},"end":{"line":4,"column":5}},"loc":{"start":{"line":4,"column":35},"end":{"line":42,"column":5}},"line":4},"1":{"name":"(anonymous_1)","decl":{"start":{"line":7,"column":27},"end":{"line":7,"column":28}},"loc":{"start":{"line":7,"column":48},"end":{"line":41,"column":9}},"line":7},"2":{"name":"(anonymous_2)","decl":{"start":{"line":8,"column":105},"end":{"line":8,"column":106}},"loc":{"start":{"line":8,"column":114},"end":{"line":38,"column":13}},"line":8},"3":{"name":"(anonymous_3)","decl":{"start":{"line":26,"column":31},"end":{"line":26,"column":32}},"loc":{"start":{"line":26,"column":42},"end":{"line":28,"column":17}},"line":26},"4":{"name":"(anonymous_4)","decl":{"start":{"line":29,"column":37},"end":{"line":29,"column":38}},"loc":{"start":{"line":29,"column":43},"end":{"line":37,"column":17}},"line":29},"5":{"name":"(anonymous_5)","decl":{"start":{"line":38,"column":27},"end":{"line":38,"column":28}},"loc":{"start":{"line":38,"column":34},"end":{"line":40,"column":13}},"line":38}},"branchMap":{"0":{"loc":{"start":{"line":12,"column":16},"end":{"line":19,"column":17}},"type":"if","locations":[{"start":{"line":12,"column":16},"end":{"line":19,"column":17}},{"start":{"line":12,"column":16},"end":{"line":19,"column":17}}],"line":12},"1":{"loc":{"start":{"line":16,"column":21},"end":{"line":19,"column":17}},"type":"if","locations":[{"start":{"line":16,"column":21},"end":{"line":19,"column":17}},{"start":{"line":16,"column":21},"end":{"line":19,"column":17}}],"line":16},"2":{"loc":{"start":{"line":20,"column":16},"end":{"line":23,"column":17}},"type":"if","locations":[{"start":{"line":20,"column":16},"end":{"line":23,"column":17}},{"start":{"line":20,"column":16},"end":{"line":23,"column":17}}],"line":20}},"s":{"0":1,"1":0,"2":0,"3":0,"4":0,"5":0,"6":0,"7":0,"8":0,"9":0,"10":0,"11":0,"12":0,"13":0,"14":0,"15":0,"16":0,"17":0,"18":0,"19":0,"20":0,"21":0,"22":0,"23":0,"24":1},"f":{"0":0,"1":0,"2":0,"3":0,"4":0,"5":0},"b":{"0":[0,0],"1":[0,0],"2":[0,0]},"_coverageSchema":"332fd63041d2c1bcb487cc26dd0d5f7d97098a6c","hash":"de32e799f0d1754be8406b00535640f2b033d4a0","contentHash":"06369e4f09615a319ab8e09ec544f780_11.3.0"},"C:\\Users\\ab\\Documents\\School\\CS310\\project_team124\\src\\translator\\RoomTranslator.js":{"path":"C:\\Users\\ab\\Documents\\School\\CS310\\project_team124\\src\\translator\\RoomTranslator.js","statementMap":{"0":{"start":{"line":2,"column":0},"end":{"line":2,"column":62}},"1":{"start":{"line":5,"column":23},"end":{"line":5,"column":91}},"2":{"start":{"line":6,"column":8},"end":{"line":8,"column":9}},"3":{"start":{"line":7,"column":12},"end":{"line":7,"column":24}},"4":{"start":{"line":9,"column":19},"end":{"line":9,"column":56}},"5":{"start":{"line":10,"column":21},"end":{"line":11,"column":109}},"6":{"start":{"line":12,"column":8},"end":{"line":12,"column":20}},"7":{"start":{"line":15,"column":8},"end":{"line":17,"column":9}},"8":{"start":{"line":16,"column":12},"end":{"line":16,"column":25}},"9":{"start":{"line":18,"column":8},"end":{"line":23,"column":9}},"10":{"start":{"line":19,"column":12},"end":{"line":19,"column":33}},"11":{"start":{"line":22,"column":12},"end":{"line":22,"column":21}},"12":{"start":{"line":26,"column":0},"end":{"line":26,"column":33}}},"fnMap":{"0":{"name":"(anonymous_0)","decl":{"start":{"line":4,"column":4},"end":{"line":4,"column":5}},"loc":{"start":{"line":4,"column":83},"end":{"line":13,"column":5}},"line":4},"1":{"name":"(anonymous_1)","decl":{"start":{"line":14,"column":4},"end":{"line":14,"column":5}},"loc":{"start":{"line":14,"column":20},"end":{"line":24,"column":5}},"line":14}},"branchMap":{"0":{"loc":{"start":{"line":6,"column":8},"end":{"line":8,"column":9}},"type":"if","locations":[{"start":{"line":6,"column":8},"end":{"line":8,"column":9}},{"start":{"line":6,"column":8},"end":{"line":8,"column":9}}],"line":6},"1":{"loc":{"start":{"line":6,"column":12},"end":{"line":6,"column":63}},"type":"binary-expr","locations":[{"start":{"line":6,"column":12},"end":{"line":6,"column":33}},{"start":{"line":6,"column":37},"end":{"line":6,"column":63}}],"line":6},"2":{"loc":{"start":{"line":15,"column":8},"end":{"line":17,"column":9}},"type":"if","locations":[{"start":{"line":15,"column":8},"end":{"line":17,"column":9}},{"start":{"line":15,"column":8},"end":{"line":17,"column":9}}],"line":15}},"s":{"0":1,"1":0,"2":0,"3":0,"4":0,"5":0,"6":0,"7":0,"8":0,"9":0,"10":0,"11":0,"12":1},"f":{"0":0,"1":0},"b":{"0":[0,0],"1":[0,0],"2":[0,0]},"_coverageSchema":"332fd63041d2c1bcb487cc26dd0d5f7d97098a6c","hash":"bd494b637159bae4ce441a998865388ae755c9e2","contentHash":"3c51d320599dcdb9714f11aff922f309_11.3.0"},"C:\\Users\\ab\\Documents\\School\\CS310\\project_team124\\src\\model\\HtmlParser.js":{"path":"C:\\Users\\ab\\Documents\\School\\CS310\\project_team124\\src\\model\\HtmlParser.js","statementMap":{"0":{"start":{"line":2,"column":0},"end":{"line":2,"column":62}},"1":{"start":{"line":5,"column":19},"end":{"line":5,"column":78}},"2":{"start":{"line":6,"column":8},"end":{"line":8,"column":9}},"3":{"start":{"line":7,"column":12},"end":{"line":7,"column":24}},"4":{"start":{"line":9,"column":8},"end":{"line":23,"column":9}},"5":{"start":{"line":10,"column":24},"end":{"line":10,"column":52}},"6":{"start":{"line":11,"column":12},"end":{"line":13,"column":13}},"7":{"start":{"line":12,"column":16},"end":{"line":12,"column":28}},"8":{"start":{"line":14,"column":12},"end":{"line":22,"column":13}},"9":{"start":{"line":15,"column":31},"end":{"line":15,"column":60}},"10":{"start":{"line":16,"column":16},"end":{"line":21,"column":17}},"11":{"start":{"line":17,"column":32},"end":{"line":17,"column":48}},"12":{"start":{"line":18,"column":20},"end":{"line":20,"column":21}},"13":{"start":{"line":19,"column":24},"end":{"line":19,"column":37}},"14":{"start":{"line":24,"column":8},"end":{"line":24,"column":20}},"15":{"start":{"line":27,"column":19},"end":{"line":27,"column":78}},"16":{"start":{"line":28,"column":8},"end":{"line":30,"column":9}},"17":{"start":{"line":29,"column":12},"end":{"line":29,"column":46}},"18":{"start":{"line":31,"column":8},"end":{"line":46,"column":9}},"19":{"start":{"line":32,"column":24},"end":{"line":32,"column":52}},"20":{"start":{"line":33,"column":12},"end":{"line":35,"column":13}},"21":{"start":{"line":34,"column":16},"end":{"line":34,"column":50}},"22":{"start":{"line":36,"column":12},"end":{"line":45,"column":13}},"23":{"start":{"line":37,"column":27},"end":{"line":37,"column":109}},"24":{"start":{"line":38,"column":31},"end":{"line":38,"column":60}},"25":{"start":{"line":39,"column":16},"end":{"line":44,"column":17}},"26":{"start":{"line":40,"column":32},"end":{"line":40,"column":48}},"27":{"start":{"line":41,"column":20},"end":{"line":43,"column":21}},"28":{"start":{"line":42,"column":24},"end":{"line":42,"column":59}},"29":{"start":{"line":47,"column":8},"end":{"line":47,"column":42}},"30":{"start":{"line":50,"column":24},"end":{"line":50,"column":82}},"31":{"start":{"line":51,"column":8},"end":{"line":59,"column":9}},"32":{"start":{"line":52,"column":28},"end":{"line":52,"column":60}},"33":{"start":{"line":53,"column":12},"end":{"line":58,"column":13}},"34":{"start":{"line":54,"column":24},"end":{"line":54,"column":43}},"35":{"start":{"line":55,"column":16},"end":{"line":57,"column":17}},"36":{"start":{"line":56,"column":20},"end":{"line":56,"column":36}},"37":{"start":{"line":60,"column":8},"end":{"line":60,"column":20}},"38":{"start":{"line":63,"column":8},"end":{"line":65,"column":9}},"39":{"start":{"line":64,"column":12},"end":{"line":64,"column":24}},"40":{"start":{"line":66,"column":8},"end":{"line":66,"column":26}},"41":{"start":{"line":69,"column":27},"end":{"line":69,"column":86}},"42":{"start":{"line":70,"column":8},"end":{"line":72,"column":9}},"43":{"start":{"line":71,"column":12},"end":{"line":71,"column":24}},"44":{"start":{"line":73,"column":8},"end":{"line":80,"column":9}},"45":{"start":{"line":74,"column":27},"end":{"line":74,"column":59}},"46":{"start":{"line":75,"column":12},"end":{"line":79,"column":13}},"47":{"start":{"line":76,"column":16},"end":{"line":78,"column":17}},"48":{"start":{"line":77,"column":20},"end":{"line":77,"column":46}},"49":{"start":{"line":81,"column":8},"end":{"line":81,"column":20}},"50":{"start":{"line":84,"column":23},"end":{"line":84,"column":90}},"51":{"start":{"line":85,"column":8},"end":{"line":85,"column":55}},"52":{"start":{"line":86,"column":8},"end":{"line":86,"column":73}},"53":{"start":{"line":89,"column":8},"end":{"line":91,"column":9}},"54":{"start":{"line":90,"column":12},"end":{"line":90,"column":24}},"55":{"start":{"line":92,"column":8},"end":{"line":96,"column":9}},"56":{"start":{"line":93,"column":12},"end":{"line":95,"column":13}},"57":{"start":{"line":94,"column":16},"end":{"line":94,"column":35}},"58":{"start":{"line":97,"column":8},"end":{"line":97,"column":20}},"59":{"start":{"line":100,"column":19},"end":{"line":100,"column":21}},"60":{"start":{"line":101,"column":19},"end":{"line":101,"column":23}},"61":{"start":{"line":102,"column":8},"end":{"line":104,"column":9}},"62":{"start":{"line":103,"column":12},"end":{"line":103,"column":22}},"63":{"start":{"line":105,"column":8},"end":{"line":118,"column":11}},"64":{"start":{"line":106,"column":31},"end":{"line":106,"column":36}},"65":{"start":{"line":107,"column":12},"end":{"line":111,"column":13}},"66":{"start":{"line":108,"column":16},"end":{"line":110,"column":19}},"67":{"start":{"line":109,"column":20},"end":{"line":109,"column":120}},"68":{"start":{"line":112,"column":12},"end":{"line":117,"column":13}},"69":{"start":{"line":113,"column":16},"end":{"line":113,"column":33}},"70":{"start":{"line":116,"column":16},"end":{"line":116,"column":73}},"71":{"start":{"line":119,"column":8},"end":{"line":119,"column":20}},"72":{"start":{"line":122,"column":19},"end":{"line":122,"column":21}},"73":{"start":{"line":123,"column":21},"end":{"line":123,"column":25}},"74":{"start":{"line":124,"column":8},"end":{"line":126,"column":9}},"75":{"start":{"line":125,"column":12},"end":{"line":125,"column":22}},"76":{"start":{"line":127,"column":8},"end":{"line":134,"column":11}},"77":{"start":{"line":128,"column":12},"end":{"line":133,"column":13}},"78":{"start":{"line":129,"column":16},"end":{"line":129,"column":33}},"79":{"start":{"line":132,"column":16},"end":{"line":132,"column":71}},"80":{"start":{"line":135,"column":8},"end":{"line":135,"column":20}},"81":{"start":{"line":138,"column":0},"end":{"line":138,"column":29}}},"fnMap":{"0":{"name":"(anonymous_0)","decl":{"start":{"line":4,"column":4},"end":{"line":4,"column":5}},"loc":{"start":{"line":4,"column":63},"end":{"line":25,"column":5}},"line":4},"1":{"name":"(anonymous_1)","decl":{"start":{"line":26,"column":4},"end":{"line":26,"column":5}},"loc":{"start":{"line":26,"column":67},"end":{"line":48,"column":5}},"line":26},"2":{"name":"(anonymous_2)","decl":{"start":{"line":49,"column":4},"end":{"line":49,"column":5}},"loc":{"start":{"line":49,"column":78},"end":{"line":61,"column":5}},"line":49},"3":{"name":"(anonymous_3)","decl":{"start":{"line":62,"column":4},"end":{"line":62,"column":5}},"loc":{"start":{"line":62,"column":19},"end":{"line":67,"column":5}},"line":62},"4":{"name":"(anonymous_4)","decl":{"start":{"line":68,"column":4},"end":{"line":68,"column":5}},"loc":{"start":{"line":68,"column":61},"end":{"line":82,"column":5}},"line":68},"5":{"name":"(anonymous_5)","decl":{"start":{"line":83,"column":4},"end":{"line":83,"column":5}},"loc":{"start":{"line":83,"column":40},"end":{"line":87,"column":5}},"line":83},"6":{"name":"(anonymous_6)","decl":{"start":{"line":88,"column":4},"end":{"line":88,"column":5}},"loc":{"start":{"line":88,"column":56},"end":{"line":98,"column":5}},"line":88},"7":{"name":"(anonymous_7)","decl":{"start":{"line":99,"column":4},"end":{"line":99,"column":5}},"loc":{"start":{"line":99,"column":59},"end":{"line":120,"column":5}},"line":99},"8":{"name":"(anonymous_8)","decl":{"start":{"line":105,"column":36},"end":{"line":105,"column":37}},"loc":{"start":{"line":105,"column":53},"end":{"line":118,"column":9}},"line":105},"9":{"name":"(anonymous_9)","decl":{"start":{"line":108,"column":36},"end":{"line":108,"column":37}},"loc":{"start":{"line":108,"column":55},"end":{"line":110,"column":17}},"line":108},"10":{"name":"(anonymous_10)","decl":{"start":{"line":121,"column":4},"end":{"line":121,"column":5}},"loc":{"start":{"line":121,"column":37},"end":{"line":136,"column":5}},"line":121},"11":{"name":"(anonymous_11)","decl":{"start":{"line":127,"column":36},"end":{"line":127,"column":37}},"loc":{"start":{"line":127,"column":53},"end":{"line":134,"column":9}},"line":127}},"branchMap":{"0":{"loc":{"start":{"line":6,"column":8},"end":{"line":8,"column":9}},"type":"if","locations":[{"start":{"line":6,"column":8},"end":{"line":8,"column":9}},{"start":{"line":6,"column":8},"end":{"line":8,"column":9}}],"line":6},"1":{"loc":{"start":{"line":11,"column":12},"end":{"line":13,"column":13}},"type":"if","locations":[{"start":{"line":11,"column":12},"end":{"line":13,"column":13}},{"start":{"line":11,"column":12},"end":{"line":13,"column":13}}],"line":11},"2":{"loc":{"start":{"line":18,"column":20},"end":{"line":20,"column":21}},"type":"if","locations":[{"start":{"line":18,"column":20},"end":{"line":20,"column":21}},{"start":{"line":18,"column":20},"end":{"line":20,"column":21}}],"line":18},"3":{"loc":{"start":{"line":28,"column":8},"end":{"line":30,"column":9}},"type":"if","locations":[{"start":{"line":28,"column":8},"end":{"line":30,"column":9}},{"start":{"line":28,"column":8},"end":{"line":30,"column":9}}],"line":28},"4":{"loc":{"start":{"line":33,"column":12},"end":{"line":35,"column":13}},"type":"if","locations":[{"start":{"line":33,"column":12},"end":{"line":35,"column":13}},{"start":{"line":33,"column":12},"end":{"line":35,"column":13}}],"line":33},"5":{"loc":{"start":{"line":37,"column":27},"end":{"line":37,"column":109}},"type":"cond-expr","locations":[{"start":{"line":37,"column":55},"end":{"line":37,"column":102}},{"start":{"line":37,"column":105},"end":{"line":37,"column":109}}],"line":37},"6":{"loc":{"start":{"line":41,"column":20},"end":{"line":43,"column":21}},"type":"if","locations":[{"start":{"line":41,"column":20},"end":{"line":43,"column":21}},{"start":{"line":41,"column":20},"end":{"line":43,"column":21}}],"line":41},"7":{"loc":{"start":{"line":41,"column":24},"end":{"line":41,"column":37}},"type":"binary-expr","locations":[{"start":{"line":41,"column":24},"end":{"line":41,"column":29}},{"start":{"line":41,"column":33},"end":{"line":41,"column":37}}],"line":41},"8":{"loc":{"start":{"line":55,"column":16},"end":{"line":57,"column":17}},"type":"if","locations":[{"start":{"line":55,"column":16},"end":{"line":57,"column":17}},{"start":{"line":55,"column":16},"end":{"line":57,"column":17}}],"line":55},"9":{"loc":{"start":{"line":63,"column":8},"end":{"line":65,"column":9}},"type":"if","locations":[{"start":{"line":63,"column":8},"end":{"line":65,"column":9}},{"start":{"line":63,"column":8},"end":{"line":65,"column":9}}],"line":63},"10":{"loc":{"start":{"line":70,"column":8},"end":{"line":72,"column":9}},"type":"if","locations":[{"start":{"line":70,"column":8},"end":{"line":72,"column":9}},{"start":{"line":70,"column":8},"end":{"line":72,"column":9}}],"line":70},"11":{"loc":{"start":{"line":76,"column":16},"end":{"line":78,"column":17}},"type":"if","locations":[{"start":{"line":76,"column":16},"end":{"line":78,"column":17}},{"start":{"line":76,"column":16},"end":{"line":78,"column":17}}],"line":76},"12":{"loc":{"start":{"line":89,"column":8},"end":{"line":91,"column":9}},"type":"if","locations":[{"start":{"line":89,"column":8},"end":{"line":91,"column":9}},{"start":{"line":89,"column":8},"end":{"line":91,"column":9}}],"line":89},"13":{"loc":{"start":{"line":93,"column":12},"end":{"line":95,"column":13}},"type":"if","locations":[{"start":{"line":93,"column":12},"end":{"line":95,"column":13}},{"start":{"line":93,"column":12},"end":{"line":95,"column":13}}],"line":93},"14":{"loc":{"start":{"line":102,"column":8},"end":{"line":104,"column":9}},"type":"if","locations":[{"start":{"line":102,"column":8},"end":{"line":104,"column":9}},{"start":{"line":102,"column":8},"end":{"line":104,"column":9}}],"line":102},"15":{"loc":{"start":{"line":107,"column":12},"end":{"line":111,"column":13}},"type":"if","locations":[{"start":{"line":107,"column":12},"end":{"line":111,"column":13}},{"start":{"line":107,"column":12},"end":{"line":111,"column":13}}],"line":107},"16":{"loc":{"start":{"line":109,"column":35},"end":{"line":109,"column":119}},"type":"binary-expr","locations":[{"start":{"line":109,"column":35},"end":{"line":109,"column":47}},{"start":{"line":109,"column":52},"end":{"line":109,"column":82}},{"start":{"line":109,"column":86},"end":{"line":109,"column":118}}],"line":109},"17":{"loc":{"start":{"line":112,"column":12},"end":{"line":117,"column":13}},"type":"if","locations":[{"start":{"line":112,"column":12},"end":{"line":117,"column":13}},{"start":{"line":112,"column":12},"end":{"line":117,"column":13}}],"line":112},"18":{"loc":{"start":{"line":124,"column":8},"end":{"line":126,"column":9}},"type":"if","locations":[{"start":{"line":124,"column":8},"end":{"line":126,"column":9}},{"start":{"line":124,"column":8},"end":{"line":126,"column":9}}],"line":124},"19":{"loc":{"start":{"line":128,"column":12},"end":{"line":133,"column":13}},"type":"if","locations":[{"start":{"line":128,"column":12},"end":{"line":133,"column":13}},{"start":{"line":128,"column":12},"end":{"line":133,"column":13}}],"line":128}},"s":{"0":1,"1":0,"2":0,"3":0,"4":0,"5":0,"6":0,"7":0,"8":0,"9":0,"10":0,"11":0,"12":0,"13":0,"14":0,"15":0,"16":0,"17":0,"18":0,"19":0,"20":0,"21":0,"22":0,"23":0,"24":0,"25":0,"26":0,"27":0,"28":0,"29":0,"30":0,"31":0,"32":0,"33":0,"34":0,"35":0,"36":0,"37":0,"38":0,"39":0,"40":0,"41":0,"42":0,"43":0,"44":0,"45":0,"46":0,"47":0,"48":0,"49":0,"50":0,"51":0,"52":0,"53":0,"54":0,"55":0,"56":0,"57":0,"58":0,"59":0,"60":0,"61":0,"62":0,"63":0,"64":0,"65":0,"66":0,"67":0,"68":0,"69":0,"70":0,"71":0,"72":0,"73":0,"74":0,"75":0,"76":0,"77":0,"78":0,"79":0,"80":0,"81":1},"f":{"0":0,"1":0,"2":0,"3":0,"4":0,"5":0,"6":0,"7":0,"8":0,"9":0,"10":0,"11":0},"b":{"0":[0,0],"1":[0,0],"2":[0,0],"3":[0,0],"4":[0,0],"5":[0,0],"6":[0,0],"7":[0,0],"8":[0,0],"9":[0,0],"10":[0,0],"11":[0,0],"12":[0,0],"13":[0,0],"14":[0,0],"15":[0,0],"16":[0,0,0],"17":[0,0],"18":[0,0],"19":[0,0]},"_coverageSchema":"332fd63041d2c1bcb487cc26dd0d5f7d97098a6c","hash":"049da3bc80cbef5c5a8ff7859bed9fba66548482","contentHash":"d9e2c302f6417e1d01a6e8a31837fffe_11.3.0"}}